2018-10-10 21:20:24,632 INFO *********************************************************************
2018-10-10 21:20:24,632 INFO *********************************************************************
2018-10-10 21:20:24,632 INFO *********************************************************************
2018-10-10 21:20:24,632 INFO Starting lambda = 0.001000
2018-10-10 21:20:25,074 INFO Beginning l=0.001000
2018-10-10 21:21:16,342 INFO norm dual= 1.783099
2018-10-10 21:21:20,838 INFO inner loop 1: efficient rank x_k: 629.868118, delta_x: 0.037229
2018-10-10 21:21:51,984 INFO norm dual= 0.353000
2018-10-10 21:21:56,145 INFO inner loop 2: efficient rank x_k: 629.859043, delta_x: 0.006705
2018-10-10 21:22:27,270 INFO norm dual= 0.196031
2018-10-10 21:22:32,578 INFO inner loop 3: efficient rank x_k: 629.857207, delta_x: 0.005124
2018-10-10 21:23:05,815 INFO norm dual= 0.152059
2018-10-10 21:23:10,710 INFO inner loop 4: efficient rank x_k: 629.853950, delta_x: 0.003916
2018-10-10 21:23:28,310 INFO --------------------------------------------------------
2018-10-10 21:23:30,241 INFO it:1,  convergence value:1.000000, convergence pi:0.040850, rk: 629.851550)
2018-10-10 21:27:46,525 INFO norm dual= 0.394946
2018-10-10 21:27:52,142 INFO inner loop 1: efficient rank x_k: 629.451920, delta_x: 0.037806
2018-10-10 21:28:39,944 INFO norm dual= 0.274870
2018-10-10 21:28:45,746 INFO inner loop 2: efficient rank x_k: 629.447867, delta_x: 0.007493
2018-10-10 21:29:19,824 INFO norm dual= 0.224119
2018-10-10 21:29:23,036 INFO inner loop 3: efficient rank x_k: 629.433667, delta_x: 0.005318
2018-10-10 21:29:47,547 INFO norm dual= 0.179545
2018-10-10 21:29:50,870 INFO inner loop 4: efficient rank x_k: 629.420410, delta_x: 0.004336
2018-10-10 21:30:00,121 INFO --------------------------------------------------------
2018-10-10 21:30:01,039 INFO it:2,  convergence value:0.053080, convergence pi:0.040448, rk: 629.412256)
2018-10-10 21:33:54,248 INFO norm dual= 0.413542
2018-10-10 21:33:58,443 INFO inner loop 1: efficient rank x_k: 628.494615, delta_x: 0.047965
2018-10-10 21:34:32,708 INFO norm dual= 0.187681
2018-10-10 21:34:37,861 INFO inner loop 2: efficient rank x_k: 628.479582, delta_x: 0.009002
2018-10-10 21:35:12,704 INFO norm dual= 0.151934
2018-10-10 21:35:19,150 INFO inner loop 3: efficient rank x_k: 628.454483, delta_x: 0.004437
2018-10-10 21:35:47,917 INFO norm dual= 0.125071
2018-10-10 21:35:51,427 INFO inner loop 4: efficient rank x_k: 628.431609, delta_x: 0.003335
2018-10-10 21:36:00,372 INFO --------------------------------------------------------
2018-10-10 21:36:02,323 INFO it:3,  convergence value:0.065500, convergence pi:0.050905, rk: 628.418392)
2018-10-10 21:40:07,729 INFO norm dual= 0.353422
2018-10-10 21:40:11,082 INFO inner loop 1: efficient rank x_k: 626.682975, delta_x: 0.057587
2018-10-10 21:40:40,660 INFO norm dual= 0.218711
2018-10-10 21:40:44,753 INFO inner loop 2: efficient rank x_k: 626.667729, delta_x: 0.009287
2018-10-10 21:41:08,507 INFO norm dual= 0.148228
2018-10-10 21:41:13,183 INFO inner loop 3: efficient rank x_k: 626.631134, delta_x: 0.005797
2018-10-10 21:41:36,061 INFO norm dual= 0.111484
2018-10-10 21:41:38,901 INFO inner loop 4: efficient rank x_k: 626.594948, delta_x: 0.003519
2018-10-10 21:41:45,480 INFO --------------------------------------------------------
2018-10-10 21:41:46,374 INFO it:4,  convergence value:0.059273, convergence pi:0.060261, rk: 626.573618)
2018-10-10 21:46:30,663 INFO norm dual= 0.330205
2018-10-10 21:46:35,159 INFO inner loop 1: efficient rank x_k: 623.720176, delta_x: 0.065152
2018-10-10 21:47:14,111 INFO norm dual= 0.173931
2018-10-10 21:47:17,452 INFO inner loop 2: efficient rank x_k: 623.685179, delta_x: 0.010128
2018-10-10 21:47:49,637 INFO norm dual= 0.130497
2018-10-10 21:47:52,867 INFO inner loop 3: efficient rank x_k: 623.633067, delta_x: 0.004543
2018-10-10 21:48:23,213 INFO norm dual= 0.092496
2018-10-10 21:48:27,735 INFO inner loop 4: efficient rank x_k: 623.584794, delta_x: 0.003408
2018-10-10 21:48:44,967 INFO --------------------------------------------------------
2018-10-10 21:48:46,569 INFO it:5,  convergence value:0.059014, convergence pi:0.067846, rk: 623.555788)
2018-10-10 21:53:06,711 INFO norm dual= 0.390089
2018-10-10 21:53:11,029 INFO inner loop 1: efficient rank x_k: 619.288426, delta_x: 0.071544
2018-10-10 21:53:41,327 INFO norm dual= 0.181138
2018-10-10 21:53:46,154 INFO inner loop 2: efficient rank x_k: 619.258868, delta_x: 0.011714
2018-10-10 21:54:23,073 INFO norm dual= 0.124667
2018-10-10 21:54:27,480 INFO inner loop 3: efficient rank x_k: 619.194416, delta_x: 0.005784
2018-10-10 21:54:56,234 INFO norm dual= 0.089901
2018-10-10 21:55:01,491 INFO inner loop 4: efficient rank x_k: 619.130503, delta_x: 0.003778
2018-10-10 21:55:11,308 INFO --------------------------------------------------------
2018-10-10 21:55:12,428 INFO it:6,  convergence value:0.050548, convergence pi:0.074132, rk: 619.094540)
2018-10-10 21:59:08,019 INFO norm dual= 0.382460
2018-10-10 21:59:11,555 INFO inner loop 1: efficient rank x_k: 613.234552, delta_x: 0.075304
2018-10-10 21:59:46,119 INFO norm dual= 0.172260
2018-10-10 21:59:50,289 INFO inner loop 2: efficient rank x_k: 613.187133, delta_x: 0.013856
2018-10-10 22:00:27,027 INFO norm dual= 0.101508
2018-10-10 22:00:32,238 INFO inner loop 3: efficient rank x_k: 613.114596, delta_x: 0.006209
2018-10-10 22:01:10,741 INFO norm dual= 0.069195
2018-10-10 22:01:15,285 INFO inner loop 4: efficient rank x_k: 613.037173, delta_x: 0.003627
2018-10-10 22:01:31,394 INFO --------------------------------------------------------
2018-10-10 22:01:33,605 INFO it:7,  convergence value:0.044884, convergence pi:0.077705, rk: 612.994273)
2018-10-10 22:06:33,589 INFO norm dual= 0.388293
2018-10-10 22:06:39,363 INFO inner loop 1: efficient rank x_k: 605.502807, delta_x: 0.077627
2018-10-10 22:07:14,290 INFO norm dual= 0.154901
2018-10-10 22:07:19,304 INFO inner loop 2: efficient rank x_k: 605.469991, delta_x: 0.014235
2018-10-10 22:07:43,891 INFO norm dual= 0.096902
2018-10-10 22:07:47,880 INFO inner loop 3: efficient rank x_k: 605.378310, delta_x: 0.005430
2018-10-10 22:08:19,309 INFO norm dual= 0.069038
2018-10-10 22:08:24,266 INFO inner loop 4: efficient rank x_k: 605.286605, delta_x: 0.003301
2018-10-10 22:08:35,553 INFO --------------------------------------------------------
2018-10-10 22:08:37,305 INFO it:8,  convergence value:0.037117, convergence pi:0.079982, rk: 605.236806)
2018-10-10 22:14:09,675 INFO norm dual= 0.374195
2018-10-10 22:14:13,857 INFO inner loop 1: efficient rank x_k: 596.366889, delta_x: 0.077111
2018-10-10 22:14:41,135 INFO norm dual= 0.137256
2018-10-10 22:14:44,833 INFO inner loop 2: efficient rank x_k: 596.312817, delta_x: 0.016229
2018-10-10 22:15:10,151 INFO norm dual= 0.071451
2018-10-10 22:15:13,674 INFO inner loop 3: efficient rank x_k: 596.213606, delta_x: 0.005441
2018-10-10 22:15:41,184 INFO norm dual= 0.049730
2018-10-10 22:15:45,228 INFO inner loop 4: efficient rank x_k: 596.106911, delta_x: 0.003157
2018-10-10 22:15:54,404 INFO --------------------------------------------------------
2018-10-10 22:15:56,620 INFO it:9,  convergence value:0.031296, convergence pi:0.079214, rk: 596.053405)
2018-10-10 22:21:14,473 INFO norm dual= 0.349597
2018-10-10 22:21:20,932 INFO inner loop 1: efficient rank x_k: 586.325408, delta_x: 0.076352
2018-10-10 22:22:12,113 INFO norm dual= 0.131115
2018-10-10 22:22:16,785 INFO inner loop 2: efficient rank x_k: 586.271561, delta_x: 0.014993
2018-10-10 22:22:54,347 INFO norm dual= 0.075514
2018-10-10 22:22:59,027 INFO inner loop 3: efficient rank x_k: 586.153903, delta_x: 0.005217
2018-10-10 22:23:28,368 INFO norm dual= 0.054016
2018-10-10 22:23:33,084 INFO inner loop 4: efficient rank x_k: 586.038529, delta_x: 0.003095
2018-10-10 22:23:42,197 INFO --------------------------------------------------------
2018-10-10 22:23:44,699 INFO it:10,  convergence value:0.025320, convergence pi:0.078355, rk: 585.980319)
2018-10-10 22:28:53,966 INFO norm dual= 0.340990
2018-10-10 22:28:59,767 INFO inner loop 1: efficient rank x_k: 576.232601, delta_x: 0.072663
2018-10-10 22:29:40,149 INFO norm dual= 0.114353
2018-10-10 22:29:44,999 INFO inner loop 2: efficient rank x_k: 576.171861, delta_x: 0.016632
2018-10-10 22:30:18,519 INFO norm dual= 0.052196
2018-10-10 22:30:23,269 INFO inner loop 3: efficient rank x_k: 576.048232, delta_x: 0.005285
2018-10-10 22:30:54,522 INFO norm dual= 0.033969
2018-10-10 22:30:58,061 INFO inner loop 4: efficient rank x_k: 575.923553, delta_x: 0.002757
2018-10-10 22:31:05,822 INFO --------------------------------------------------------
2018-10-10 22:31:07,192 INFO it:11,  convergence value:0.020591, convergence pi:0.074380, rk: 575.864218)
2018-10-10 22:36:09,058 INFO norm dual= 0.318828
2018-10-10 22:36:14,665 INFO inner loop 1: efficient rank x_k: 567.092121, delta_x: 0.070119
2018-10-10 22:36:47,293 INFO norm dual= 0.115923
2018-10-10 22:36:51,383 INFO inner loop 2: efficient rank x_k: 567.025778, delta_x: 0.015068
2018-10-10 22:37:16,379 INFO norm dual= 0.061382
2018-10-10 22:37:20,467 INFO inner loop 3: efficient rank x_k: 566.889206, delta_x: 0.005477
2018-10-10 22:37:42,855 INFO norm dual= 0.041653
2018-10-10 22:37:47,280 INFO inner loop 4: efficient rank x_k: 566.760125, delta_x: 0.003039
2018-10-10 22:37:56,196 INFO --------------------------------------------------------
2018-10-10 22:37:57,401 INFO it:12,  convergence value:0.016357, convergence pi:0.071697, rk: 566.697901)
2018-10-10 22:43:04,754 INFO norm dual= 0.310318
2018-10-10 22:43:10,133 INFO inner loop 1: efficient rank x_k: 559.908956, delta_x: 0.065512
2018-10-10 22:43:33,815 INFO norm dual= 0.102597
2018-10-10 22:43:37,624 INFO inner loop 2: efficient rank x_k: 559.838657, delta_x: 0.016513
2018-10-10 22:44:01,780 INFO norm dual= 0.047324
2018-10-10 22:44:05,947 INFO inner loop 3: efficient rank x_k: 559.697072, delta_x: 0.005346
2018-10-10 22:44:31,493 INFO norm dual= 0.029165
2018-10-10 22:44:35,751 INFO inner loop 4: efficient rank x_k: 559.564479, delta_x: 0.002711
2018-10-10 22:44:47,891 INFO --------------------------------------------------------
2018-10-10 22:44:49,559 INFO it:13,  convergence value:0.013031, convergence pi:0.066768, rk: 559.500932)
2018-10-10 22:49:42,382 INFO norm dual= 0.296077
2018-10-10 22:49:46,077 INFO inner loop 1: efficient rank x_k: 555.355629, delta_x: 0.063811
2018-10-10 22:50:15,921 INFO norm dual= 0.108173
2018-10-10 22:50:19,669 INFO inner loop 2: efficient rank x_k: 555.278843, delta_x: 0.015321
2018-10-10 22:50:50,090 INFO norm dual= 0.053351
2018-10-10 22:50:56,105 INFO inner loop 3: efficient rank x_k: 555.131599, delta_x: 0.005717
2018-10-10 22:51:28,467 INFO norm dual= 0.030751
2018-10-10 22:51:34,139 INFO inner loop 4: efficient rank x_k: 554.995990, delta_x: 0.002914
2018-10-10 22:51:42,818 INFO --------------------------------------------------------
2018-10-10 22:51:44,068 INFO it:14,  convergence value:0.010087, convergence pi:0.064762, rk: 554.930086)
2018-10-10 22:56:37,083 INFO norm dual= 0.289075
2018-10-10 22:56:42,140 INFO inner loop 1: efficient rank x_k: 553.661348, delta_x: 0.060390
2018-10-10 22:57:18,308 INFO norm dual= 0.094098
2018-10-10 22:57:23,887 INFO inner loop 2: efficient rank x_k: 553.580482, delta_x: 0.016345
2018-10-10 22:58:00,033 INFO norm dual= 0.044901
2018-10-10 22:58:04,269 INFO inner loop 3: efficient rank x_k: 553.429099, delta_x: 0.005301
2018-10-10 22:58:39,540 INFO norm dual= 0.024969
2018-10-10 22:58:43,204 INFO inner loop 4: efficient rank x_k: 553.290327, delta_x: 0.002819
2018-10-10 22:58:50,878 INFO --------------------------------------------------------
2018-10-10 22:58:52,212 INFO it:15,  convergence value:0.007668, convergence pi:0.060997, rk: 553.223401)
2018-10-10 23:03:52,563 INFO norm dual= 0.283132
2018-10-10 23:03:56,273 INFO inner loop 1: efficient rank x_k: 554.576098, delta_x: 0.060514
2018-10-10 23:04:27,492 INFO norm dual= 0.103053
2018-10-10 23:04:32,037 INFO inner loop 2: efficient rank x_k: 554.488005, delta_x: 0.015500
2018-10-10 23:05:05,517 INFO norm dual= 0.046784
2018-10-10 23:05:09,360 INFO inner loop 3: efficient rank x_k: 554.336324, delta_x: 0.005737
2018-10-10 23:05:44,324 INFO norm dual= 0.020764
2018-10-10 23:05:48,524 INFO inner loop 4: efficient rank x_k: 554.195484, delta_x: 0.002955
2018-10-10 23:05:59,251 INFO --------------------------------------------------------
2018-10-10 23:06:00,736 INFO it:16,  convergence value:0.005490, convergence pi:0.060861, rk: 554.127638)
2018-10-10 23:11:21,649 INFO norm dual= 0.274240
2018-10-10 23:11:26,804 INFO inner loop 1: efficient rank x_k: 557.518942, delta_x: 0.059213
2018-10-10 23:12:00,913 INFO norm dual= 0.090108
2018-10-10 23:12:05,619 INFO inner loop 2: efficient rank x_k: 557.431610, delta_x: 0.016336
2018-10-10 23:12:44,318 INFO norm dual= 0.042384
2018-10-10 23:12:49,790 INFO inner loop 3: efficient rank x_k: 557.276344, delta_x: 0.005477
2018-10-10 23:13:21,233 INFO norm dual= 0.021590
2018-10-10 23:13:26,795 INFO inner loop 4: efficient rank x_k: 557.135414, delta_x: 0.002758
2018-10-10 23:13:36,435 INFO --------------------------------------------------------
2018-10-10 23:13:37,732 INFO it:17,  convergence value:0.003712, convergence pi:0.059112, rk: 557.067058)
2018-10-10 23:18:56,144 INFO norm dual= 0.278299
2018-10-10 23:19:02,332 INFO inner loop 1: efficient rank x_k: 561.787493, delta_x: 0.060475
2018-10-10 23:19:36,446 INFO norm dual= 0.097137
2018-10-10 23:19:40,755 INFO inner loop 2: efficient rank x_k: 561.696779, delta_x: 0.015818
2018-10-10 23:20:10,252 INFO norm dual= 0.041492
2018-10-10 23:20:14,108 INFO inner loop 3: efficient rank x_k: 561.543931, delta_x: 0.005587
2018-10-10 23:20:47,837 INFO norm dual= 0.017466
2018-10-10 23:20:52,645 INFO inner loop 4: efficient rank x_k: 561.403570, delta_x: 0.002749
2018-10-10 23:21:01,363 INFO --------------------------------------------------------
2018-10-10 23:21:02,480 INFO it:18,  convergence value:0.002110, convergence pi:0.060195, rk: 561.335604)
2018-10-10 23:27:30,698 INFO norm dual= 0.274078
2018-10-10 23:27:37,588 INFO inner loop 1: efficient rank x_k: 566.677614, delta_x: 0.060011
2018-10-10 23:28:17,494 INFO norm dual= 0.086571
2018-10-10 23:28:23,626 INFO inner loop 2: efficient rank x_k: 566.589226, delta_x: 0.016686
2018-10-10 23:28:56,957 INFO norm dual= 0.039316
2018-10-10 23:29:02,395 INFO inner loop 3: efficient rank x_k: 566.436399, delta_x: 0.005429
2018-10-10 23:29:33,545 INFO norm dual= 0.019392
2018-10-10 23:29:37,357 INFO inner loop 4: efficient rank x_k: 566.297568, delta_x: 0.002620
2018-10-10 23:29:46,854 INFO --------------------------------------------------------
2018-10-10 23:29:48,571 INFO it:19,  convergence value:0.000806, convergence pi:0.059348, rk: 566.230303)
2018-10-10 23:29:48,573 INFO **********************************
2018-10-10 23:29:48,573 INFO **********************************
2018-10-10 23:29:48,573 INFO **********************************
2018-10-10 23:29:49,461 INFO finished lambda = 0.001000
2018-10-10 23:29:49,462 INFO --------------------------------
2018-10-10 23:29:49,975 INFO Starting lambda = 0.100000
2018-10-10 23:29:50,409 INFO Beginning l=0.100000
2018-10-10 23:35:48,039 INFO norm dual= 0.136610
2018-10-10 23:35:51,770 INFO inner loop 1: efficient rank x_k: 438.658455, delta_x: 0.908853
2018-10-10 23:36:43,696 INFO norm dual= 0.108804
2018-10-10 23:36:50,720 INFO inner loop 2: efficient rank x_k: 439.900430, delta_x: 0.440451
2018-10-10 23:37:47,452 INFO norm dual= 0.096215
2018-10-10 23:37:53,906 INFO inner loop 3: efficient rank x_k: 442.968676, delta_x: 0.361365
2018-10-10 23:38:48,911 INFO norm dual= 0.084818
2018-10-10 23:38:53,915 INFO inner loop 4: efficient rank x_k: 444.314188, delta_x: 0.320310
2018-10-10 23:39:50,065 INFO norm dual= 0.069234
2018-10-10 23:39:54,965 INFO inner loop 5: efficient rank x_k: 444.540965, delta_x: 0.300200
2018-10-10 23:40:35,952 INFO norm dual= 0.062879
2018-10-10 23:40:39,413 INFO inner loop 6: efficient rank x_k: 444.756151, delta_x: 0.300191
2018-10-10 23:41:20,672 INFO norm dual= 0.056508
2018-10-10 23:41:24,754 INFO inner loop 7: efficient rank x_k: 444.502791, delta_x: 0.256379
2018-10-10 23:42:11,066 INFO norm dual= 0.047498
2018-10-10 23:42:16,932 INFO inner loop 8: efficient rank x_k: 444.194541, delta_x: 0.218068
2018-10-10 23:43:12,062 INFO norm dual= 0.042304
2018-10-10 23:43:18,074 INFO inner loop 9: efficient rank x_k: 443.939733, delta_x: 0.195435
2018-10-10 23:44:10,719 INFO norm dual= 0.033383
2018-10-10 23:44:15,954 INFO inner loop 10: efficient rank x_k: 444.301168, delta_x: 0.166696
2018-10-10 23:45:06,166 INFO norm dual= 0.026695
2018-10-10 23:45:11,519 INFO inner loop 11: efficient rank x_k: 444.390139, delta_x: 0.139014
2018-10-10 23:46:09,134 INFO norm dual= 0.015842
2018-10-10 23:46:16,543 INFO inner loop 12: efficient rank x_k: 444.527579, delta_x: 0.120023
2018-10-10 23:47:09,227 INFO norm dual= 0.014199
2018-10-10 23:47:17,663 INFO inner loop 13: efficient rank x_k: 444.091319, delta_x: 0.101466
2018-10-10 23:48:19,025 INFO norm dual= 0.014681
2018-10-10 23:48:24,306 INFO inner loop 14: efficient rank x_k: 444.266353, delta_x: 0.074460
2018-10-10 23:49:17,678 INFO norm dual= 0.018916
2018-10-10 23:49:24,095 INFO inner loop 15: efficient rank x_k: 444.323127, delta_x: 0.049606
2018-10-10 23:50:23,027 INFO norm dual= 0.008169
2018-10-10 23:50:30,329 INFO inner loop 16: efficient rank x_k: 444.747785, delta_x: 0.050528
2018-10-10 23:51:38,414 INFO norm dual= 0.006600
2018-10-10 23:51:44,121 INFO inner loop 17: efficient rank x_k: 444.483226, delta_x: 0.040104
2018-10-10 23:52:42,757 INFO norm dual= 0.006010
2018-10-10 23:52:49,869 INFO inner loop 18: efficient rank x_k: 444.436590, delta_x: 0.025379
2018-10-10 23:53:44,417 INFO norm dual= 0.003552
2018-10-10 23:53:51,298 INFO inner loop 19: efficient rank x_k: 444.407104, delta_x: 0.022658
2018-10-10 23:54:25,806 INFO --------------------------------------------------------
2018-10-10 23:54:27,493 INFO it:1,  convergence value:1.000000, convergence pi:0.919577, rk: 444.407883)
2018-10-10 23:57:44,242 INFO norm dual= 1.099409
2018-10-10 23:57:50,360 INFO inner loop 1: efficient rank x_k: 315.400909, delta_x: 0.862428
2018-10-10 23:58:35,712 INFO norm dual= 0.238450
2018-10-10 23:58:40,433 INFO inner loop 2: efficient rank x_k: 406.236381, delta_x: 1.017445
2018-10-10 23:59:29,053 INFO norm dual= 0.122953
2018-10-10 23:59:33,896 INFO inner loop 3: efficient rank x_k: 418.220476, delta_x: 0.876021
2018-10-11 00:00:35,793 INFO norm dual= 0.130006
2018-10-11 00:00:43,101 INFO inner loop 4: efficient rank x_k: 417.994442, delta_x: 0.693841
2018-10-11 00:02:07,493 INFO norm dual= 0.096740
2018-10-11 00:02:14,862 INFO inner loop 5: efficient rank x_k: 414.867808, delta_x: 0.626064
2018-10-11 00:04:04,313 INFO norm dual= 0.073647
2018-10-11 00:04:13,126 INFO inner loop 6: efficient rank x_k: 414.322981, delta_x: 0.535467
2018-10-11 00:05:43,428 INFO norm dual= 0.048821
2018-10-11 00:05:53,004 INFO inner loop 7: efficient rank x_k: 412.743762, delta_x: 0.435983
2018-10-11 00:07:09,937 INFO norm dual= 0.050363
2018-10-11 00:07:17,027 INFO inner loop 8: efficient rank x_k: 410.469656, delta_x: 0.342101
2018-10-11 00:08:26,482 INFO norm dual= 0.055541
2018-10-11 00:08:30,850 INFO inner loop 9: efficient rank x_k: 409.314452, delta_x: 0.244996
2018-10-11 00:09:18,666 INFO norm dual= 0.072604
2018-10-11 00:09:23,346 INFO inner loop 10: efficient rank x_k: 409.158502, delta_x: 0.168355
2018-10-11 00:10:18,381 INFO norm dual= 0.069824
2018-10-11 00:10:24,952 INFO inner loop 11: efficient rank x_k: 411.159039, delta_x: 0.191257
2018-10-11 00:11:23,081 INFO norm dual= 0.065101
2018-10-11 00:11:28,886 INFO inner loop 12: efficient rank x_k: 412.050466, delta_x: 0.204574
2018-10-11 00:12:21,914 INFO norm dual= 0.031577
2018-10-11 00:12:27,125 INFO inner loop 13: efficient rank x_k: 413.108496, delta_x: 0.176996
2018-10-11 00:13:15,853 INFO norm dual= 0.036700
2018-10-11 00:13:21,228 INFO inner loop 14: efficient rank x_k: 410.593371, delta_x: 0.136527
2018-10-11 00:14:15,282 INFO norm dual= 0.025712
2018-10-11 00:14:21,348 INFO inner loop 15: efficient rank x_k: 411.552582, delta_x: 0.141229
2018-10-11 00:15:38,767 INFO norm dual= 0.049211
2018-10-11 00:15:47,491 INFO inner loop 16: efficient rank x_k: 410.598952, delta_x: 0.108221
2018-10-11 00:17:24,553 INFO norm dual= 0.020427
2018-10-11 00:17:39,404 INFO inner loop 17: efficient rank x_k: 414.094153, delta_x: 0.145855
2018-10-11 00:18:54,978 INFO norm dual= 0.017069
2018-10-11 00:19:01,071 INFO inner loop 18: efficient rank x_k: 411.452577, delta_x: 0.125907
2018-10-11 00:20:11,207 INFO norm dual= 0.014474
2018-10-11 00:20:19,524 INFO inner loop 19: efficient rank x_k: 411.221597, delta_x: 0.071586
2018-10-11 00:21:30,272 INFO norm dual= 0.012386
2018-10-11 00:21:36,371 INFO inner loop 20: efficient rank x_k: 411.016616, delta_x: 0.059358
2018-10-11 00:22:46,313 INFO norm dual= 0.010121
2018-10-11 00:22:53,576 INFO inner loop 21: efficient rank x_k: 410.869733, delta_x: 0.052944
2018-10-11 00:24:04,742 INFO norm dual= 0.008592
2018-10-11 00:24:12,651 INFO inner loop 22: efficient rank x_k: 410.633563, delta_x: 0.050525
2018-10-11 00:24:47,898 INFO --------------------------------------------------------
2018-10-11 00:24:49,759 INFO it:2,  convergence value:0.009011, convergence pi:0.949035, rk: 410.325226)
2018-10-11 00:30:06,015 INFO norm dual= 0.680087
2018-10-11 00:30:17,908 INFO inner loop 1: efficient rank x_k: 350.585069, delta_x: 1.021006
2018-10-11 00:31:36,264 INFO norm dual= 0.271071
2018-10-11 00:31:41,288 INFO inner loop 2: efficient rank x_k: 431.016115, delta_x: 1.187453
2018-10-11 00:32:52,405 INFO norm dual= 0.276922
2018-10-11 00:32:59,975 INFO inner loop 3: efficient rank x_k: 444.903410, delta_x: 1.052294
2018-10-11 00:34:17,461 INFO norm dual= 0.203315
2018-10-11 00:34:23,449 INFO inner loop 4: efficient rank x_k: 441.627593, delta_x: 1.015392
2018-10-11 00:35:37,265 INFO norm dual= 0.108400
2018-10-11 00:35:41,725 INFO inner loop 5: efficient rank x_k: 434.252473, delta_x: 1.060458
2018-10-11 00:36:36,679 INFO norm dual= 0.063432
2018-10-11 00:36:40,597 INFO inner loop 6: efficient rank x_k: 438.067509, delta_x: 0.827894
2018-10-11 00:37:30,935 INFO norm dual= 0.043346
2018-10-11 00:37:34,629 INFO inner loop 7: efficient rank x_k: 438.679338, delta_x: 0.596845
2018-10-11 00:38:35,415 INFO norm dual= 0.034533
2018-10-11 00:38:40,029 INFO inner loop 8: efficient rank x_k: 438.691630, delta_x: 0.380874
2018-10-11 00:39:53,707 INFO norm dual= 0.030787
2018-10-11 00:40:01,673 INFO inner loop 9: efficient rank x_k: 438.416554, delta_x: 0.276996
2018-10-11 00:41:17,416 INFO norm dual= 0.020014
2018-10-11 00:41:23,835 INFO inner loop 10: efficient rank x_k: 437.800642, delta_x: 0.206542
2018-10-11 00:42:36,562 INFO norm dual= 0.017963
2018-10-11 00:42:44,327 INFO inner loop 11: efficient rank x_k: 436.916970, delta_x: 0.161243
2018-10-11 00:43:55,487 INFO norm dual= 0.014253
2018-10-11 00:44:04,207 INFO inner loop 12: efficient rank x_k: 436.664766, delta_x: 0.126337
2018-10-11 00:45:13,397 INFO norm dual= 0.015330
2018-10-11 00:45:19,712 INFO inner loop 13: efficient rank x_k: 436.271420, delta_x: 0.086953
2018-10-11 00:46:31,273 INFO norm dual= 0.011722
2018-10-11 00:46:38,284 INFO inner loop 14: efficient rank x_k: 436.683420, delta_x: 0.084133
2018-10-11 00:47:49,181 INFO norm dual= 0.008205
2018-10-11 00:47:53,472 INFO inner loop 15: efficient rank x_k: 436.439255, delta_x: 0.091654
2018-10-11 00:48:45,937 INFO norm dual= 0.006349
2018-10-11 00:48:52,156 INFO inner loop 16: efficient rank x_k: 436.265189, delta_x: 0.075952
2018-10-11 00:49:45,419 INFO norm dual= 0.006019
2018-10-11 00:49:50,427 INFO inner loop 17: efficient rank x_k: 436.130632, delta_x: 0.054916
2018-10-11 00:50:53,517 INFO norm dual= 0.005844
2018-10-11 00:51:00,818 INFO inner loop 18: efficient rank x_k: 436.002172, delta_x: 0.045260
2018-10-11 00:52:17,666 INFO norm dual= 0.004545
2018-10-11 00:52:23,995 INFO inner loop 19: efficient rank x_k: 436.115526, delta_x: 0.052823
2018-10-11 00:53:07,517 INFO --------------------------------------------------------
2018-10-11 00:53:09,943 INFO it:3,  convergence value:0.008520, convergence pi:1.175824, rk: 435.947407)
2018-10-11 00:57:12,233 INFO norm dual= 1.099805
2018-10-11 00:57:16,910 INFO inner loop 1: efficient rank x_k: 365.367346, delta_x: 1.143960
2018-10-11 00:59:02,094 INFO norm dual= 0.262254
2018-10-11 00:59:11,067 INFO inner loop 2: efficient rank x_k: 432.886888, delta_x: 1.604014
2018-10-11 01:00:52,055 INFO norm dual= 0.183974
2018-10-11 01:00:58,877 INFO inner loop 3: efficient rank x_k: 453.004156, delta_x: 1.201316
2018-10-11 01:02:40,155 INFO norm dual= 0.162494
2018-10-11 01:02:48,176 INFO inner loop 4: efficient rank x_k: 453.506134, delta_x: 1.126004
2018-10-11 01:04:29,913 INFO norm dual= 0.135690
2018-10-11 01:04:38,054 INFO inner loop 5: efficient rank x_k: 449.822814, delta_x: 1.067440
2018-10-11 01:06:18,953 INFO norm dual= 0.109473
2018-10-11 01:06:24,325 INFO inner loop 6: efficient rank x_k: 447.814800, delta_x: 0.972768
2018-10-11 01:08:02,117 INFO norm dual= 0.088547
2018-10-11 01:08:07,707 INFO inner loop 7: efficient rank x_k: 446.658471, delta_x: 0.846333
2018-10-11 01:09:55,041 INFO norm dual= 0.070749
2018-10-11 01:10:03,564 INFO inner loop 8: efficient rank x_k: 442.462264, delta_x: 0.705646
2018-10-11 01:11:21,621 INFO norm dual= 0.054945
2018-10-11 01:11:27,425 INFO inner loop 9: efficient rank x_k: 442.279018, delta_x: 0.578842
2018-10-11 01:12:43,034 INFO norm dual= 0.042976
2018-10-11 01:12:49,699 INFO inner loop 10: efficient rank x_k: 441.719612, delta_x: 0.462701
2018-10-11 01:14:16,798 INFO norm dual= 0.034259
2018-10-11 01:14:22,493 INFO inner loop 11: efficient rank x_k: 440.998747, delta_x: 0.366708
2018-10-11 01:15:44,726 INFO norm dual= 0.024682
2018-10-11 01:15:50,517 INFO inner loop 12: efficient rank x_k: 439.454116, delta_x: 0.309870
2018-10-11 01:17:20,165 INFO norm dual= 0.016888
2018-10-11 01:17:25,612 INFO inner loop 13: efficient rank x_k: 439.953635, delta_x: 0.268349
2018-10-11 01:19:05,773 INFO norm dual= 0.012766
2018-10-11 01:19:13,732 INFO inner loop 14: efficient rank x_k: 439.621743, delta_x: 0.200320
2018-10-11 01:20:52,322 INFO norm dual= 0.010126
2018-10-11 01:20:59,414 INFO inner loop 15: efficient rank x_k: 439.681127, delta_x: 0.133908
2018-10-11 01:22:41,935 INFO norm dual= 0.006367
2018-10-11 01:22:49,908 INFO inner loop 16: efficient rank x_k: 439.390432, delta_x: 0.097401
2018-10-11 01:24:31,968 INFO norm dual= 0.003445
2018-10-11 01:24:39,992 INFO inner loop 17: efficient rank x_k: 439.331266, delta_x: 0.089479
2018-10-11 01:25:50,469 INFO --------------------------------------------------------
2018-10-11 01:25:51,936 INFO it:4,  convergence value:0.000000, convergence pi:0.000000, rk: 435.947407)
2018-10-11 01:29:30,745 INFO norm dual= 1.079961
2018-10-11 01:29:35,830 INFO inner loop 1: efficient rank x_k: 407.499295, delta_x: 1.189190
2018-10-11 01:31:02,141 INFO norm dual= 0.261650
2018-10-11 01:31:09,219 INFO inner loop 2: efficient rank x_k: 430.143273, delta_x: 1.588890
2018-10-11 01:32:51,856 INFO norm dual= 0.188224
2018-10-11 01:33:00,282 INFO inner loop 3: efficient rank x_k: 453.834926, delta_x: 1.210550
2018-10-11 01:34:32,260 INFO norm dual= 0.170849
2018-10-11 01:34:37,558 INFO inner loop 4: efficient rank x_k: 455.324803, delta_x: 1.101870
2018-10-11 01:36:10,606 INFO norm dual= 0.148439
2018-10-11 01:36:16,364 INFO inner loop 5: efficient rank x_k: 453.608351, delta_x: 1.056626
2018-10-11 01:37:53,119 INFO norm dual= 0.120342
2018-10-11 01:37:59,517 INFO inner loop 6: efficient rank x_k: 451.595166, delta_x: 0.997182
2018-10-11 01:39:46,492 INFO norm dual= 0.098086
2018-10-11 01:39:52,725 INFO inner loop 7: efficient rank x_k: 452.194562, delta_x: 0.862916
2018-10-11 01:41:29,582 INFO norm dual= 0.083505
2018-10-11 01:41:36,768 INFO inner loop 8: efficient rank x_k: 453.105298, delta_x: 0.740233
2018-10-11 01:43:02,101 INFO norm dual= 0.070239
2018-10-11 01:43:08,651 INFO inner loop 9: efficient rank x_k: 452.158356, delta_x: 0.622630
2018-10-11 01:44:38,355 INFO norm dual= 0.059711
2018-10-11 01:44:46,568 INFO inner loop 10: efficient rank x_k: 451.659834, delta_x: 0.536085
2018-10-11 01:46:34,238 INFO norm dual= 0.048570
2018-10-11 01:46:40,807 INFO inner loop 11: efficient rank x_k: 451.185510, delta_x: 0.462426
2018-10-11 01:48:25,294 INFO norm dual= 0.036860
2018-10-11 01:48:32,290 INFO inner loop 12: efficient rank x_k: 450.453398, delta_x: 0.406774
2018-10-11 01:50:04,103 INFO norm dual= 0.026662
2018-10-11 01:50:08,960 INFO inner loop 13: efficient rank x_k: 450.819961, delta_x: 0.346030
2018-10-11 01:51:36,948 INFO norm dual= 0.019591
2018-10-11 01:51:43,077 INFO inner loop 14: efficient rank x_k: 450.707148, delta_x: 0.267583
2018-10-11 01:53:29,269 INFO norm dual= 0.012220
2018-10-11 01:53:36,972 INFO inner loop 15: efficient rank x_k: 449.971805, delta_x: 0.216850
2018-10-11 01:55:14,272 INFO norm dual= 0.007224
2018-10-11 01:55:21,340 INFO inner loop 16: efficient rank x_k: 449.903466, delta_x: 0.180874
2018-10-11 01:57:04,319 INFO norm dual= 0.003898
2018-10-11 01:57:11,015 INFO inner loop 17: efficient rank x_k: 449.824093, delta_x: 0.109741
2018-10-11 01:58:23,553 INFO --------------------------------------------------------
2018-10-11 01:58:24,991 INFO it:5,  convergence value:0.000360, convergence pi:1.349862, rk: 449.663306)
2018-10-11 02:01:13,178 INFO norm dual= 1.188119
2018-10-11 02:01:18,214 INFO inner loop 1: efficient rank x_k: 396.213484, delta_x: 1.220207
2018-10-11 02:02:31,349 INFO norm dual= 0.399230
2018-10-11 02:02:37,694 INFO inner loop 2: efficient rank x_k: 447.488551, delta_x: 1.608070
2018-10-11 02:03:49,007 INFO norm dual= 0.220611
2018-10-11 02:03:57,346 INFO inner loop 3: efficient rank x_k: 450.350371, delta_x: 1.379782
2018-10-11 02:05:08,463 INFO norm dual= 0.201171
2018-10-11 02:05:15,363 INFO inner loop 4: efficient rank x_k: 455.113749, delta_x: 1.248677
2018-10-11 02:06:24,116 INFO norm dual= 0.197143
2018-10-11 02:06:30,885 INFO inner loop 5: efficient rank x_k: 454.671917, delta_x: 1.135111
2018-10-11 02:07:39,455 INFO norm dual= 0.197670
2018-10-11 02:07:46,405 INFO inner loop 6: efficient rank x_k: 451.701420, delta_x: 1.111504
2018-10-11 02:08:58,815 INFO norm dual= 0.141829
2018-10-11 02:09:04,434 INFO inner loop 7: efficient rank x_k: 444.375800, delta_x: 1.059617
2018-10-11 02:10:04,972 INFO norm dual= 0.115293
2018-10-11 02:10:10,983 INFO inner loop 8: efficient rank x_k: 447.860556, delta_x: 1.007880
2018-10-11 02:11:04,737 INFO norm dual= 0.086323
2018-10-11 02:11:09,626 INFO inner loop 9: efficient rank x_k: 447.298816, delta_x: 0.895230
2018-10-11 02:12:10,343 INFO norm dual= 0.066903
2018-10-11 02:12:16,439 INFO inner loop 10: efficient rank x_k: 446.797699, delta_x: 0.779638
2018-10-11 02:13:23,383 INFO norm dual= 0.055432
2018-10-11 02:13:29,773 INFO inner loop 11: efficient rank x_k: 446.246706, delta_x: 0.648967
2018-10-11 02:14:44,453 INFO norm dual= 0.033386
2018-10-11 02:14:51,457 INFO inner loop 12: efficient rank x_k: 445.979275, delta_x: 0.543883
2018-10-11 02:15:59,261 INFO norm dual= 0.017875
2018-10-11 02:16:06,078 INFO inner loop 13: efficient rank x_k: 446.417341, delta_x: 0.411725
2018-10-11 02:17:16,247 INFO norm dual= 0.012986
2018-10-11 02:17:23,991 INFO inner loop 14: efficient rank x_k: 446.450588, delta_x: 0.248151
2018-10-11 02:18:27,640 INFO norm dual= 0.008909
2018-10-11 02:18:33,946 INFO inner loop 15: efficient rank x_k: 446.144756, delta_x: 0.136457
2018-10-11 02:19:37,361 INFO norm dual= 0.005799
2018-10-11 02:19:43,666 INFO inner loop 16: efficient rank x_k: 445.931536, delta_x: 0.093308
2018-10-11 02:20:50,007 INFO norm dual= 0.003354
2018-10-11 02:20:55,593 INFO inner loop 17: efficient rank x_k: 445.918236, delta_x: 0.062386
2018-10-11 02:21:33,972 INFO --------------------------------------------------------
2018-10-11 02:21:36,109 INFO it:6,  convergence value:0.001844, convergence pi:1.398131, rk: 445.750678)
2018-10-11 02:21:36,121 INFO **********************************
2018-10-11 02:21:36,121 INFO **********************************
2018-10-11 02:21:36,121 INFO **********************************
2018-10-11 02:21:38,030 INFO finished lambda = 0.100000
2018-10-11 02:21:38,038 INFO --------------------------------
2018-10-11 02:21:39,397 INFO Starting lambda = 0.100000
2018-10-11 02:21:39,845 INFO Beginning l=0.100000
2018-10-11 02:25:02,800 INFO norm dual= 1.175417
2018-10-11 02:25:09,842 INFO inner loop 1: efficient rank x_k: 381.079929, delta_x: 1.241727
2018-10-11 02:26:25,350 INFO norm dual= 0.295541
2018-10-11 02:26:31,554 INFO inner loop 2: efficient rank x_k: 429.237305, delta_x: 1.570980
2018-10-11 02:27:56,626 INFO norm dual= 0.185022
2018-10-11 02:28:02,278 INFO inner loop 3: efficient rank x_k: 445.602373, delta_x: 1.297283
2018-10-11 02:29:16,551 INFO norm dual= 0.159831
2018-10-11 02:29:22,664 INFO inner loop 4: efficient rank x_k: 449.148481, delta_x: 1.155912
2018-10-11 02:30:42,676 INFO norm dual= 0.133804
2018-10-11 02:30:48,462 INFO inner loop 5: efficient rank x_k: 446.292344, delta_x: 1.063133
2018-10-11 02:32:10,393 INFO norm dual= 0.110072
2018-10-11 02:32:16,516 INFO inner loop 6: efficient rank x_k: 444.397429, delta_x: 0.941794
2018-10-11 02:33:35,508 INFO norm dual= 0.088519
2018-10-11 02:33:42,528 INFO inner loop 7: efficient rank x_k: 440.295385, delta_x: 0.862193
2018-10-11 02:35:00,912 INFO norm dual= 0.067770
2018-10-11 02:35:06,910 INFO inner loop 8: efficient rank x_k: 438.752561, delta_x: 0.758369
2018-10-11 02:36:13,498 INFO norm dual= 0.054832
2018-10-11 02:36:18,553 INFO inner loop 9: efficient rank x_k: 438.932059, delta_x: 0.633054
2018-10-11 02:37:16,820 INFO norm dual= 0.044493
2018-10-11 02:37:20,539 INFO inner loop 10: efficient rank x_k: 438.256918, delta_x: 0.509269
2018-10-11 02:38:23,646 INFO norm dual= 0.032426
2018-10-11 02:38:28,772 INFO inner loop 11: efficient rank x_k: 437.926785, delta_x: 0.405812
2018-10-11 02:39:35,589 INFO norm dual= 0.023150
2018-10-11 02:39:41,695 INFO inner loop 12: efficient rank x_k: 437.908165, delta_x: 0.311187
2018-10-11 02:40:59,574 INFO norm dual= 0.019314
2018-10-11 02:41:05,315 INFO inner loop 13: efficient rank x_k: 437.494108, delta_x: 0.228741
2018-10-11 02:42:29,860 INFO norm dual= 0.016240
2018-10-11 02:42:34,921 INFO inner loop 14: efficient rank x_k: 436.894307, delta_x: 0.171857
2018-10-11 02:43:53,668 INFO norm dual= 0.014276
2018-10-11 02:43:59,906 INFO inner loop 15: efficient rank x_k: 436.773006, delta_x: 0.158028
2018-10-11 02:45:19,697 INFO norm dual= 0.012940
2018-10-11 02:45:26,099 INFO inner loop 16: efficient rank x_k: 436.680750, delta_x: 0.126600
2018-10-11 02:46:26,144 INFO norm dual= 0.012589
2018-10-11 02:46:30,869 INFO inner loop 17: efficient rank x_k: 436.708063, delta_x: 0.101462
2018-10-11 02:47:33,373 INFO norm dual= 0.013616
2018-10-11 02:47:41,073 INFO inner loop 18: efficient rank x_k: 436.393559, delta_x: 0.104870
2018-10-11 02:48:47,737 INFO norm dual= 0.007631
2018-10-11 02:48:56,482 INFO inner loop 19: efficient rank x_k: 436.122434, delta_x: 0.121877
2018-10-11 02:50:10,279 INFO norm dual= 0.006090
2018-10-11 02:50:15,308 INFO inner loop 20: efficient rank x_k: 436.300902, delta_x: 0.121996
2018-10-11 02:51:26,172 INFO norm dual= 0.005466
2018-10-11 02:51:32,812 INFO inner loop 21: efficient rank x_k: 436.229501, delta_x: 0.051085
2018-10-11 02:52:54,417 INFO norm dual= 0.005917
2018-10-11 02:53:01,088 INFO inner loop 22: efficient rank x_k: 436.175739, delta_x: 0.024497
2018-10-11 02:53:50,746 INFO --------------------------------------------------------
2018-10-11 02:53:53,034 INFO it:1,  convergence value:1.000000, convergence pi:1.365485, rk: 436.177011)
2018-10-11 02:57:46,626 INFO norm dual= 1.171552
2018-10-11 02:57:54,697 INFO inner loop 1: efficient rank x_k: 366.647445, delta_x: 1.272161
2018-10-11 02:58:57,953 INFO norm dual= 0.251334
2018-10-11 02:59:05,447 INFO inner loop 2: efficient rank x_k: 442.176778, delta_x: 1.548818
2018-10-11 03:00:11,097 INFO norm dual= 0.202867
2018-10-11 03:00:17,532 INFO inner loop 3: efficient rank x_k: 450.578220, delta_x: 1.280308
2018-10-11 03:01:22,536 INFO norm dual= 0.161407
2018-10-11 03:01:29,599 INFO inner loop 4: efficient rank x_k: 451.352707, delta_x: 1.170212
2018-10-11 03:02:37,659 INFO norm dual= 0.146438
2018-10-11 03:02:45,452 INFO inner loop 5: efficient rank x_k: 448.485325, delta_x: 1.087890
2018-10-11 03:03:52,206 INFO norm dual= 0.108381
2018-10-11 03:03:59,755 INFO inner loop 6: efficient rank x_k: 445.034515, delta_x: 1.001568
2018-10-11 03:05:04,286 INFO norm dual= 0.064141
2018-10-11 03:05:12,154 INFO inner loop 7: efficient rank x_k: 441.411226, delta_x: 0.959789
2018-10-11 03:06:17,820 INFO norm dual= 0.048836
2018-10-11 03:06:23,440 INFO inner loop 8: efficient rank x_k: 444.257492, delta_x: 0.695927
2018-10-11 03:07:23,969 INFO norm dual= 0.032409
2018-10-11 03:07:31,440 INFO inner loop 9: efficient rank x_k: 442.792462, delta_x: 0.535970
2018-10-11 03:08:23,875 INFO norm dual= 0.017583
2018-10-11 03:08:29,709 INFO inner loop 10: efficient rank x_k: 442.244744, delta_x: 0.425059
2018-10-11 03:09:17,587 INFO norm dual= 0.008812
2018-10-11 03:09:23,360 INFO inner loop 11: efficient rank x_k: 443.290623, delta_x: 0.278384
2018-10-11 03:10:19,403 INFO norm dual= 0.006134
2018-10-11 03:10:26,911 INFO inner loop 12: efficient rank x_k: 443.365682, delta_x: 0.131799
2018-10-11 03:11:28,518 INFO norm dual= 0.004291
2018-10-11 03:11:36,063 INFO inner loop 13: efficient rank x_k: 443.345133, delta_x: 0.058275
2018-10-11 03:12:07,174 INFO --------------------------------------------------------
2018-10-11 03:12:09,625 INFO it:2,  convergence value:0.005670, convergence pi:1.412202, rk: 443.171336)
2018-10-11 03:15:51,425 INFO norm dual= 1.221157
2018-10-11 03:15:58,194 INFO inner loop 1: efficient rank x_k: 371.087051, delta_x: 1.239608
2018-10-11 03:16:57,440 INFO norm dual= 0.212302
2018-10-11 03:17:02,160 INFO inner loop 2: efficient rank x_k: 446.179122, delta_x: 1.641064
2018-10-11 03:18:00,742 INFO norm dual= 0.154366
2018-10-11 03:18:08,225 INFO inner loop 3: efficient rank x_k: 457.386714, delta_x: 1.185469
2018-10-11 03:19:13,843 INFO norm dual= 0.115489
2018-10-11 03:19:22,260 INFO inner loop 4: efficient rank x_k: 453.981079, delta_x: 1.098454
2018-10-11 03:20:32,328 INFO norm dual= 0.092490
2018-10-11 03:20:37,926 INFO inner loop 5: efficient rank x_k: 455.255090, delta_x: 0.860720
2018-10-11 03:21:45,685 INFO norm dual= 0.069051
2018-10-11 03:21:53,376 INFO inner loop 6: efficient rank x_k: 451.942884, delta_x: 0.777470
2018-10-11 03:22:56,497 INFO norm dual= 0.043582
2018-10-11 03:23:04,382 INFO inner loop 7: efficient rank x_k: 449.760320, delta_x: 0.663497
2018-10-11 03:24:09,344 INFO norm dual= 0.025097
2018-10-11 03:24:16,649 INFO inner loop 8: efficient rank x_k: 449.121796, delta_x: 0.517995
2018-10-11 03:25:23,052 INFO norm dual= 0.014922
2018-10-11 03:25:28,571 INFO inner loop 9: efficient rank x_k: 449.452804, delta_x: 0.314151
2018-10-11 03:26:38,525 INFO norm dual= 0.009564
2018-10-11 03:26:44,692 INFO inner loop 10: efficient rank x_k: 448.731393, delta_x: 0.161213
2018-10-11 03:27:46,201 INFO norm dual= 0.005985
2018-10-11 03:27:54,247 INFO inner loop 11: efficient rank x_k: 448.350032, delta_x: 0.067585
2018-10-11 03:28:55,116 INFO norm dual= 0.003195
2018-10-11 03:29:02,705 INFO inner loop 12: efficient rank x_k: 448.315610, delta_x: 0.027284
2018-10-11 03:29:37,985 INFO --------------------------------------------------------
2018-10-11 03:29:40,088 INFO it:3,  convergence value:0.000000, convergence pi:0.000000, rk: 443.171336)
2018-10-11 03:33:22,985 INFO norm dual= 1.220998
2018-10-11 03:33:27,812 INFO inner loop 1: efficient rank x_k: 410.901565, delta_x: 1.253588
2018-10-11 03:34:30,568 INFO norm dual= 0.214400
2018-10-11 03:34:35,757 INFO inner loop 2: efficient rank x_k: 453.162868, delta_x: 1.634314
2018-10-11 03:35:35,255 INFO norm dual= 0.158077
2018-10-11 03:35:42,512 INFO inner loop 3: efficient rank x_k: 466.068680, delta_x: 1.179896
2018-10-11 03:36:49,565 INFO norm dual= 0.117268
2018-10-11 03:36:56,687 INFO inner loop 4: efficient rank x_k: 462.951448, delta_x: 1.106299
2018-10-11 03:38:08,211 INFO norm dual= 0.086261
2018-10-11 03:38:16,737 INFO inner loop 5: efficient rank x_k: 462.822985, delta_x: 0.886400
2018-10-11 03:39:30,021 INFO norm dual= 0.066147
2018-10-11 03:39:39,027 INFO inner loop 6: efficient rank x_k: 463.306153, delta_x: 0.740507
2018-10-11 03:40:33,162 INFO norm dual= 0.036001
2018-10-11 03:40:39,012 INFO inner loop 7: efficient rank x_k: 460.296257, delta_x: 0.652380
2018-10-11 03:41:37,018 INFO norm dual= 0.024249
2018-10-11 03:41:42,694 INFO inner loop 8: efficient rank x_k: 462.507042, delta_x: 0.410448
2018-10-11 03:42:28,321 INFO norm dual= 0.015610
2018-10-11 03:42:33,148 INFO inner loop 9: efficient rank x_k: 461.645165, delta_x: 0.258504
2018-10-11 03:43:33,233 INFO norm dual= 0.007956
2018-10-11 03:43:38,609 INFO inner loop 10: efficient rank x_k: 460.889543, delta_x: 0.163211
2018-10-11 03:44:40,576 INFO norm dual= 0.004329
2018-10-11 03:44:49,197 INFO inner loop 11: efficient rank x_k: 460.533731, delta_x: 0.076254
2018-10-11 03:45:22,510 INFO --------------------------------------------------------
2018-10-11 03:45:25,035 INFO it:4,  convergence value:0.000000, convergence pi:0.000000, rk: 443.171336)
2018-10-11 03:49:31,848 INFO norm dual= 1.221056
2018-10-11 03:49:38,269 INFO inner loop 1: efficient rank x_k: 421.793053, delta_x: 1.263451
2018-10-11 03:50:48,726 INFO norm dual= 0.211229
2018-10-11 03:50:57,466 INFO inner loop 2: efficient rank x_k: 448.244460, delta_x: 1.610872
2018-10-11 03:51:56,546 INFO norm dual= 0.160424
2018-10-11 03:52:03,334 INFO inner loop 3: efficient rank x_k: 466.709502, delta_x: 1.192975
2018-10-11 03:53:22,024 INFO norm dual= 0.115758
2018-10-11 03:53:29,591 INFO inner loop 4: efficient rank x_k: 459.631621, delta_x: 1.127569
2018-10-11 03:54:45,851 INFO norm dual= 0.086891
2018-10-11 03:54:52,016 INFO inner loop 5: efficient rank x_k: 461.401310, delta_x: 0.885094
2018-10-11 03:56:03,032 INFO norm dual= 0.064597
2018-10-11 03:56:11,692 INFO inner loop 6: efficient rank x_k: 461.622424, delta_x: 0.751925
2018-10-11 03:57:14,931 INFO norm dual= 0.040708
2018-10-11 03:57:21,605 INFO inner loop 7: efficient rank x_k: 460.109346, delta_x: 0.629924
2018-10-11 03:58:27,657 INFO norm dual= 0.027393
2018-10-11 03:58:33,710 INFO inner loop 8: efficient rank x_k: 460.702841, delta_x: 0.417588
2018-10-11 03:59:37,894 INFO norm dual= 0.018194
2018-10-11 03:59:45,389 INFO inner loop 9: efficient rank x_k: 459.973005, delta_x: 0.285149
2018-10-11 04:00:57,482 INFO norm dual= 0.013154
2018-10-11 04:01:05,881 INFO inner loop 10: efficient rank x_k: 459.609842, delta_x: 0.174469
2018-10-11 04:02:12,814 INFO norm dual= 0.008111
2018-10-11 04:02:20,694 INFO inner loop 11: efficient rank x_k: 459.383261, delta_x: 0.118685
2018-10-11 04:03:27,761 INFO norm dual= 0.006161
2018-10-11 04:03:35,045 INFO inner loop 12: efficient rank x_k: 459.295463, delta_x: 0.086985
2018-10-11 04:04:37,506 INFO norm dual= 0.005605
2018-10-11 04:04:44,890 INFO inner loop 13: efficient rank x_k: 459.243176, delta_x: 0.046175
2018-10-11 04:05:51,243 INFO norm dual= 0.003226
2018-10-11 04:05:58,193 INFO inner loop 14: efficient rank x_k: 459.228531, delta_x: 0.048472
2018-10-11 04:06:34,697 INFO --------------------------------------------------------
2018-10-11 04:06:37,020 INFO it:5,  convergence value:0.000255, convergence pi:1.421065, rk: 459.211988)
2018-10-11 04:06:37,021 INFO **********************************
2018-10-11 04:06:37,021 INFO **********************************
2018-10-11 04:06:37,021 INFO **********************************
2018-10-11 04:06:38,159 INFO finished lambda = 0.100000
2018-10-11 04:06:38,159 INFO --------------------------------
2018-10-11 04:06:40,127 INFO Starting lambda = 0.500000
2018-10-11 04:06:40,383 INFO Beginning l=0.500000
2018-10-11 04:10:17,311 INFO norm dual= 1.109039
2018-10-11 04:10:21,791 INFO inner loop 1: efficient rank x_k: 424.876398, delta_x: 1.630804
2018-10-11 04:11:58,459 INFO norm dual= 0.262686
2018-10-11 04:12:03,917 INFO inner loop 2: efficient rank x_k: 470.886972, delta_x: 1.608811
2018-10-11 04:13:59,737 INFO norm dual= 0.172900
2018-10-11 04:14:08,430 INFO inner loop 3: efficient rank x_k: 477.568915, delta_x: 1.369937
2018-10-11 04:16:13,832 INFO norm dual= 0.163940
2018-10-11 04:16:20,427 INFO inner loop 4: efficient rank x_k: 480.051322, delta_x: 1.319805
2018-10-11 04:18:22,577 INFO norm dual= 0.129588
2018-10-11 04:18:28,483 INFO inner loop 5: efficient rank x_k: 478.347027, delta_x: 1.272087
2018-10-11 04:20:01,443 INFO norm dual= 0.118904
2018-10-11 04:20:08,649 INFO inner loop 6: efficient rank x_k: 479.783483, delta_x: 1.202647
2018-10-11 04:21:50,696 INFO norm dual= 0.122874
2018-10-11 04:21:56,673 INFO inner loop 7: efficient rank x_k: 482.318167, delta_x: 1.136012
2018-10-11 04:23:36,576 INFO norm dual= 0.107901
2018-10-11 04:23:44,445 INFO inner loop 8: efficient rank x_k: 482.646838, delta_x: 1.105400
2018-10-11 04:25:31,576 INFO norm dual= 0.123778
2018-10-11 04:25:38,866 INFO inner loop 9: efficient rank x_k: 482.791569, delta_x: 1.074968
2018-10-11 04:27:35,337 INFO norm dual= 0.118269
2018-10-11 04:27:43,913 INFO inner loop 10: efficient rank x_k: 482.663251, delta_x: 1.070040
2018-10-11 04:29:53,809 INFO norm dual= 0.093866
2018-10-11 04:30:02,702 INFO inner loop 11: efficient rank x_k: 479.576882, delta_x: 1.067298
2018-10-11 04:32:01,500 INFO norm dual= 0.091099
2018-10-11 04:32:10,709 INFO inner loop 12: efficient rank x_k: 482.213434, delta_x: 1.000497
2018-10-11 04:34:20,030 INFO norm dual= 0.086129
2018-10-11 04:34:29,127 INFO inner loop 13: efficient rank x_k: 480.645339, delta_x: 0.943373
2018-10-11 04:36:21,148 INFO norm dual= 0.072120
2018-10-11 04:36:25,928 INFO inner loop 14: efficient rank x_k: 482.372168, delta_x: 0.904635
2018-10-11 04:38:38,212 INFO norm dual= 0.068681
2018-10-11 04:38:44,376 INFO inner loop 15: efficient rank x_k: 481.802050, delta_x: 0.878916
2018-10-11 04:40:55,335 INFO norm dual= 0.061752
2018-10-11 04:41:01,398 INFO inner loop 16: efficient rank x_k: 481.468956, delta_x: 0.795518
2018-10-11 04:43:06,577 INFO norm dual= 0.052415
2018-10-11 04:43:13,290 INFO inner loop 17: efficient rank x_k: 481.508791, delta_x: 0.777521
2018-10-11 04:45:22,925 INFO norm dual= 0.051689
2018-10-11 04:45:29,522 INFO inner loop 18: efficient rank x_k: 481.960022, delta_x: 0.740246
2018-10-11 04:47:41,773 INFO norm dual= 0.042450
2018-10-11 04:47:48,761 INFO inner loop 19: efficient rank x_k: 482.383003, delta_x: 0.716090
2018-10-11 04:49:52,034 INFO norm dual= 0.033020
2018-10-11 04:49:57,560 INFO inner loop 20: efficient rank x_k: 481.733956, delta_x: 0.660204
2018-10-11 04:51:57,809 INFO norm dual= 0.029471
2018-10-11 04:52:03,584 INFO inner loop 21: efficient rank x_k: 480.630061, delta_x: 0.603568
2018-10-11 04:54:12,112 INFO norm dual= 0.020026
2018-10-11 04:54:18,617 INFO inner loop 22: efficient rank x_k: 480.447752, delta_x: 0.516284
2018-10-11 04:55:53,144 INFO --------------------------------------------------------
2018-10-11 04:55:55,921 INFO it:1,  convergence value:1.000000, convergence pi:2.003190, rk: 479.923457)
2018-10-11 05:00:04,004 INFO norm dual= 1.234892
2018-10-11 05:00:10,065 INFO inner loop 1: efficient rank x_k: 392.254234, delta_x: 1.266814
2018-10-11 05:02:12,402 INFO norm dual= 0.288197
2018-10-11 05:02:19,524 INFO inner loop 2: efficient rank x_k: 458.034277, delta_x: 1.586708
2018-10-11 05:04:22,857 INFO norm dual= 0.196702
2018-10-11 05:04:30,364 INFO inner loop 3: efficient rank x_k: 466.104284, delta_x: 1.354139
2018-10-11 05:06:24,841 INFO norm dual= 0.155688
2018-10-11 05:06:34,334 INFO inner loop 4: efficient rank x_k: 471.460040, delta_x: 1.290301
2018-10-11 05:08:44,512 INFO norm dual= 0.149563
2018-10-11 05:08:52,450 INFO inner loop 5: efficient rank x_k: 468.636490, delta_x: 1.264633
2018-10-11 05:10:54,452 INFO norm dual= 0.128750
2018-10-11 05:11:02,541 INFO inner loop 6: efficient rank x_k: 469.476664, delta_x: 1.188482
2018-10-11 05:12:47,190 INFO norm dual= 0.124386
2018-10-11 05:12:53,066 INFO inner loop 7: efficient rank x_k: 470.926851, delta_x: 1.125987
2018-10-11 05:15:01,884 INFO norm dual= 0.115520
2018-10-11 05:15:08,311 INFO inner loop 8: efficient rank x_k: 471.028347, delta_x: 1.085993
2018-10-11 05:17:15,978 INFO norm dual= 0.111128
2018-10-11 05:17:22,055 INFO inner loop 9: efficient rank x_k: 471.591083, delta_x: 1.023391
2018-10-11 05:19:17,658 INFO norm dual= 0.098638
2018-10-11 05:19:23,818 INFO inner loop 10: efficient rank x_k: 471.113506, delta_x: 0.997390
2018-10-11 05:21:37,812 INFO norm dual= 0.080452
2018-10-11 05:21:44,830 INFO inner loop 11: efficient rank x_k: 472.211201, delta_x: 0.973399
2018-10-11 05:23:55,407 INFO norm dual= 0.077452
2018-10-11 05:24:02,075 INFO inner loop 12: efficient rank x_k: 472.903598, delta_x: 0.910605
2018-10-11 05:26:20,606 INFO norm dual= 0.076088
2018-10-11 05:26:26,826 INFO inner loop 13: efficient rank x_k: 473.651965, delta_x: 0.885066
2018-10-11 05:28:41,429 INFO norm dual= 0.068955
2018-10-11 05:28:47,216 INFO inner loop 14: efficient rank x_k: 473.651574, delta_x: 0.854308
2018-10-11 05:30:55,832 INFO norm dual= 0.067047
2018-10-11 05:31:03,260 INFO inner loop 15: efficient rank x_k: 471.863007, delta_x: 0.836814
2018-10-11 05:33:18,941 INFO norm dual= 0.060098
2018-10-11 05:33:27,320 INFO inner loop 16: efficient rank x_k: 472.447746, delta_x: 0.816168
2018-10-11 05:35:43,360 INFO norm dual= 0.057248
2018-10-11 05:35:50,890 INFO inner loop 17: efficient rank x_k: 470.907200, delta_x: 0.785017
2018-10-11 05:38:10,280 INFO norm dual= 0.055398
2018-10-11 05:38:17,581 INFO inner loop 18: efficient rank x_k: 469.394872, delta_x: 0.777434
2018-10-11 05:40:27,137 INFO norm dual= 0.048372
2018-10-11 05:40:33,646 INFO inner loop 19: efficient rank x_k: 468.666774, delta_x: 0.760348
2018-10-11 05:42:45,363 INFO norm dual= 0.043455
2018-10-11 05:42:53,734 INFO inner loop 20: efficient rank x_k: 469.048805, delta_x: 0.728182
2018-10-11 05:45:12,823 INFO norm dual= 0.036385
2018-10-11 05:45:20,159 INFO inner loop 21: efficient rank x_k: 469.829970, delta_x: 0.675150
2018-10-11 05:47:31,172 INFO norm dual= 0.030817
2018-10-11 05:47:39,784 INFO inner loop 22: efficient rank x_k: 470.762901, delta_x: 0.616098
2018-10-11 05:49:24,217 INFO --------------------------------------------------------
2018-10-11 05:49:25,930 INFO it:2,  convergence value:0.000000, convergence pi:0.000000, rk: 479.923457)
2018-10-11 05:53:26,779 INFO norm dual= 1.242260
2018-10-11 05:53:36,348 INFO inner loop 1: efficient rank x_k: 405.270168, delta_x: 1.266840
2018-10-11 05:55:45,068 INFO norm dual= 0.300813
2018-10-11 05:55:51,512 INFO inner loop 2: efficient rank x_k: 457.457465, delta_x: 1.587184
2018-10-11 05:58:00,252 INFO norm dual= 0.180269
2018-10-11 05:58:08,338 INFO inner loop 3: efficient rank x_k: 468.954972, delta_x: 1.345469
2018-10-11 06:00:51,048 INFO norm dual= 0.146339
2018-10-11 06:01:00,432 INFO inner loop 4: efficient rank x_k: 474.084565, delta_x: 1.309125
2018-10-11 06:02:52,642 INFO norm dual= 0.141356
2018-10-11 06:02:58,412 INFO inner loop 5: efficient rank x_k: 475.701669, delta_x: 1.227219
2018-10-11 06:04:56,931 INFO norm dual= 0.111454
2018-10-11 06:05:04,566 INFO inner loop 6: efficient rank x_k: 473.104131, delta_x: 1.170233
2018-10-11 06:07:08,489 INFO norm dual= 0.111694
2018-10-11 06:07:16,746 INFO inner loop 7: efficient rank x_k: 475.924533, delta_x: 1.103550
2018-10-11 06:09:14,344 INFO norm dual= 0.102922
2018-10-11 06:09:20,714 INFO inner loop 8: efficient rank x_k: 476.955895, delta_x: 1.052841
2018-10-11 06:11:29,480 INFO norm dual= 0.106434
2018-10-11 06:11:36,831 INFO inner loop 9: efficient rank x_k: 475.204926, delta_x: 1.027500
2018-10-11 06:13:36,218 INFO norm dual= 0.096115
2018-10-11 06:13:44,405 INFO inner loop 10: efficient rank x_k: 473.608697, delta_x: 0.992792
2018-10-11 06:16:16,656 INFO norm dual= 0.089867
2018-10-11 06:16:24,858 INFO inner loop 11: efficient rank x_k: 472.707801, delta_x: 0.985221
2018-10-11 06:18:24,992 INFO norm dual= 0.086193
2018-10-11 06:18:33,025 INFO inner loop 12: efficient rank x_k: 475.030942, delta_x: 0.926757
2018-10-11 06:20:17,690 INFO norm dual= 0.083659
2018-10-11 06:20:25,055 INFO inner loop 13: efficient rank x_k: 474.191165, delta_x: 0.923214
2018-10-11 06:22:24,912 INFO norm dual= 0.082902
2018-10-11 06:22:32,952 INFO inner loop 14: efficient rank x_k: 475.602570, delta_x: 0.885672
2018-10-11 06:24:42,142 INFO norm dual= 0.075560
2018-10-11 06:24:49,651 INFO inner loop 15: efficient rank x_k: 474.608810, delta_x: 0.863167
2018-10-11 06:27:11,381 INFO norm dual= 0.069623
2018-10-11 06:27:17,351 INFO inner loop 16: efficient rank x_k: 473.730732, delta_x: 0.843987
2018-10-11 06:29:34,168 INFO norm dual= 0.058234
2018-10-11 06:29:43,303 INFO inner loop 17: efficient rank x_k: 472.938903, delta_x: 0.814261
2018-10-11 06:31:53,149 INFO norm dual= 0.056608
2018-10-11 06:32:01,770 INFO inner loop 18: efficient rank x_k: 472.824063, delta_x: 0.770728
2018-10-11 06:34:10,415 INFO norm dual= 0.049556
2018-10-11 06:34:18,703 INFO inner loop 19: efficient rank x_k: 473.054618, delta_x: 0.746741
2018-10-11 06:36:27,666 INFO norm dual= 0.040511
2018-10-11 06:36:33,747 INFO inner loop 20: efficient rank x_k: 473.590664, delta_x: 0.727374
2018-10-11 06:38:39,413 INFO norm dual= 0.039737
2018-10-11 06:38:45,609 INFO inner loop 21: efficient rank x_k: 475.335060, delta_x: 0.675555
2018-10-11 06:41:03,125 INFO norm dual= 0.027195
2018-10-11 06:41:10,043 INFO inner loop 22: efficient rank x_k: 474.533926, delta_x: 0.630133
2018-10-11 06:42:41,581 INFO --------------------------------------------------------
2018-10-11 06:42:43,966 INFO it:3,  convergence value:0.000000, convergence pi:0.000000, rk: 479.923457)
2018-10-11 06:46:56,852 INFO norm dual= 1.248848
2018-10-11 06:47:04,317 INFO inner loop 1: efficient rank x_k: 408.256544, delta_x: 1.270276
2018-10-11 06:48:58,446 INFO norm dual= 0.293695
2018-10-11 06:49:06,180 INFO inner loop 2: efficient rank x_k: 459.000989, delta_x: 1.577070
2018-10-11 06:51:09,925 INFO norm dual= 0.177767
2018-10-11 06:51:16,301 INFO inner loop 3: efficient rank x_k: 470.630984, delta_x: 1.353296
2018-10-11 06:53:27,699 INFO norm dual= 0.156285
2018-10-11 06:53:35,216 INFO inner loop 4: efficient rank x_k: 473.610387, delta_x: 1.292248
2018-10-11 06:55:26,753 INFO norm dual= 0.151043
2018-10-11 06:55:32,399 INFO inner loop 5: efficient rank x_k: 473.410027, delta_x: 1.252977
2018-10-11 06:57:33,893 INFO norm dual= 0.118815
2018-10-11 06:57:42,492 INFO inner loop 6: efficient rank x_k: 471.793916, delta_x: 1.211270
2018-10-11 06:59:34,035 INFO norm dual= 0.110407
2018-10-11 06:59:43,568 INFO inner loop 7: efficient rank x_k: 474.227206, delta_x: 1.143686
2018-10-11 07:01:36,653 INFO norm dual= 0.101922
2018-10-11 07:01:42,706 INFO inner loop 8: efficient rank x_k: 476.806718, delta_x: 1.078824
2018-10-11 07:03:40,912 INFO norm dual= 0.105587
2018-10-11 07:03:46,839 INFO inner loop 9: efficient rank x_k: 477.499906, delta_x: 1.039735
2018-10-11 07:05:47,775 INFO norm dual= 0.104501
2018-10-11 07:05:54,812 INFO inner loop 10: efficient rank x_k: 476.032893, delta_x: 1.005494
2018-10-11 07:08:09,750 INFO norm dual= 0.090141
2018-10-11 07:08:16,988 INFO inner loop 11: efficient rank x_k: 474.092289, delta_x: 0.987252
2018-10-11 07:10:19,044 INFO norm dual= 0.083063
2018-10-11 07:10:26,196 INFO inner loop 12: efficient rank x_k: 474.207821, delta_x: 0.922606
2018-10-11 07:12:53,172 INFO norm dual= 0.076619
2018-10-11 07:13:02,684 INFO inner loop 13: efficient rank x_k: 474.866265, delta_x: 0.893729
2018-10-11 07:15:16,302 INFO norm dual= 0.072611
2018-10-11 07:15:25,209 INFO inner loop 14: efficient rank x_k: 474.729111, delta_x: 0.843899
2018-10-11 07:17:33,684 INFO norm dual= 0.067868
2018-10-11 07:17:41,251 INFO inner loop 15: efficient rank x_k: 474.476475, delta_x: 0.824043
2018-10-11 07:19:34,674 INFO norm dual= 0.060135
2018-10-11 07:19:41,376 INFO inner loop 16: efficient rank x_k: 473.323843, delta_x: 0.784576
2018-10-11 07:21:31,904 INFO norm dual= 0.052930
2018-10-11 07:21:37,520 INFO inner loop 17: efficient rank x_k: 473.313464, delta_x: 0.779441
2018-10-11 07:23:43,860 INFO norm dual= 0.049983
2018-10-11 07:23:51,620 INFO inner loop 18: efficient rank x_k: 474.691651, delta_x: 0.731286
2018-10-11 07:26:01,589 INFO norm dual= 0.044280
2018-10-11 07:26:09,513 INFO inner loop 19: efficient rank x_k: 474.737086, delta_x: 0.707521
2018-10-11 07:28:26,868 INFO norm dual= 0.033164
2018-10-11 07:28:33,696 INFO inner loop 20: efficient rank x_k: 475.468592, delta_x: 0.682327
2018-10-11 07:30:45,123 INFO norm dual= 0.023419
2018-10-11 07:30:51,782 INFO inner loop 21: efficient rank x_k: 475.899332, delta_x: 0.586217
2018-10-11 07:33:02,291 INFO norm dual= 0.018338
2018-10-11 07:33:09,916 INFO inner loop 22: efficient rank x_k: 476.182059, delta_x: 0.482860
2018-10-11 07:34:36,609 INFO --------------------------------------------------------
2018-10-11 07:34:38,349 INFO it:4,  convergence value:0.000000, convergence pi:0.000000, rk: 479.923457)
2018-10-11 07:34:38,350 INFO **********************************
2018-10-11 07:34:38,350 INFO **********************************
2018-10-11 07:34:38,350 INFO **********************************
2018-10-11 07:34:39,756 INFO finished lambda = 0.500000
2018-10-11 07:34:39,757 INFO --------------------------------
2018-10-11 07:34:43,388 INFO Starting lambda = 1.000000
2018-10-11 07:34:43,728 INFO Beginning l=1.000000
2018-10-11 07:39:34,907 INFO norm dual= 1.155560
2018-10-11 07:39:42,164 INFO inner loop 1: efficient rank x_k: 415.097307, delta_x: 1.412389
2018-10-11 07:42:28,397 INFO norm dual= 0.327323
2018-10-11 07:42:36,231 INFO inner loop 2: efficient rank x_k: 464.582210, delta_x: 1.546494
2018-10-11 07:45:34,415 INFO norm dual= 0.203564
2018-10-11 07:45:42,368 INFO inner loop 3: efficient rank x_k: 476.090272, delta_x: 1.378501
2018-10-11 07:48:44,538 INFO norm dual= 0.145869
2018-10-11 07:48:52,407 INFO inner loop 4: efficient rank x_k: 477.456246, delta_x: 1.320040
2018-10-11 07:51:39,819 INFO norm dual= 0.133989
2018-10-11 07:51:46,819 INFO inner loop 5: efficient rank x_k: 478.292352, delta_x: 1.297366
2018-10-11 07:54:31,681 INFO norm dual= 0.125186
2018-10-11 07:54:38,789 INFO inner loop 6: efficient rank x_k: 476.224126, delta_x: 1.245668
2018-10-11 07:57:38,932 INFO norm dual= 0.123355
2018-10-11 07:57:46,753 INFO inner loop 7: efficient rank x_k: 476.805727, delta_x: 1.176825
2018-10-11 08:00:43,798 INFO norm dual= 0.121927
2018-10-11 08:00:51,013 INFO inner loop 8: efficient rank x_k: 474.789543, delta_x: 1.128500
2018-10-11 08:04:12,588 INFO norm dual= 0.109626
2018-10-11 08:04:20,811 INFO inner loop 9: efficient rank x_k: 476.539427, delta_x: 1.083050
2018-10-11 08:07:28,977 INFO norm dual= 0.113948
2018-10-11 08:07:37,219 INFO inner loop 10: efficient rank x_k: 472.894329, delta_x: 1.067975
2018-10-11 08:10:35,774 INFO norm dual= 0.087905
2018-10-11 08:10:43,001 INFO inner loop 11: efficient rank x_k: 473.073358, delta_x: 1.040981
2018-10-11 08:13:46,060 INFO norm dual= 0.096537
2018-10-11 08:13:53,391 INFO inner loop 12: efficient rank x_k: 472.227478, delta_x: 1.029865
2018-10-11 08:17:22,045 INFO norm dual= 0.083830
2018-10-11 08:17:35,563 INFO inner loop 13: efficient rank x_k: 473.135742, delta_x: 0.996086
2018-10-11 08:20:50,082 INFO norm dual= 0.075991
2018-10-11 08:20:55,725 INFO inner loop 14: efficient rank x_k: 473.028398, delta_x: 0.985491
2018-10-11 08:23:46,580 INFO norm dual= 0.075174
2018-10-11 08:23:55,859 INFO inner loop 15: efficient rank x_k: 470.963062, delta_x: 0.965490
2018-10-11 08:26:58,800 INFO norm dual= 0.065886
2018-10-11 08:27:07,097 INFO inner loop 16: efficient rank x_k: 471.415381, delta_x: 0.951783
2018-10-11 08:30:09,824 INFO norm dual= 0.079879
2018-10-11 08:30:17,877 INFO inner loop 17: efficient rank x_k: 471.452142, delta_x: 0.944475
2018-10-11 08:33:50,913 INFO norm dual= 0.069283
2018-10-11 08:33:58,199 INFO inner loop 18: efficient rank x_k: 469.629806, delta_x: 0.936587
2018-10-11 08:37:20,746 INFO norm dual= 0.064552
2018-10-11 08:37:30,411 INFO inner loop 19: efficient rank x_k: 470.846539, delta_x: 0.924163
2018-10-11 08:40:49,503 INFO norm dual= 0.060148
2018-10-11 08:40:58,517 INFO inner loop 20: efficient rank x_k: 470.722978, delta_x: 0.889452
2018-10-11 08:44:08,747 INFO norm dual= 0.056722
2018-10-11 08:44:20,635 INFO inner loop 21: efficient rank x_k: 469.772340, delta_x: 0.884320
2018-10-11 08:47:48,050 INFO norm dual= 0.060169
2018-10-11 08:47:54,310 INFO inner loop 22: efficient rank x_k: 471.137838, delta_x: 0.861487
2018-10-11 08:49:58,960 INFO --------------------------------------------------------
2018-10-11 08:50:00,774 INFO it:1,  convergence value:1.000000, convergence pi:1.521749, rk: 471.313365)
2018-10-11 08:55:24,637 INFO norm dual= 1.118480
2018-10-11 08:55:32,630 INFO inner loop 1: efficient rank x_k: 434.656153, delta_x: 1.331532
2018-10-11 08:57:52,327 INFO norm dual= 0.313601
2018-10-11 08:58:00,884 INFO inner loop 2: efficient rank x_k: 458.351422, delta_x: 1.516710
2018-10-11 09:02:02,848 INFO norm dual= 0.168720
2018-10-11 09:02:11,336 INFO inner loop 3: efficient rank x_k: 470.225455, delta_x: 1.406524
2018-10-11 09:05:09,824 INFO norm dual= 0.120050
2018-10-11 09:05:17,380 INFO inner loop 4: efficient rank x_k: 476.969649, delta_x: 1.314411
2018-10-11 09:08:29,641 INFO norm dual= 0.109561
2018-10-11 09:08:37,402 INFO inner loop 5: efficient rank x_k: 476.499047, delta_x: 1.226209
2018-10-11 09:11:59,304 INFO norm dual= 0.085890
2018-10-11 09:12:07,645 INFO inner loop 6: efficient rank x_k: 476.911731, delta_x: 1.201191
2018-10-11 09:15:24,058 INFO norm dual= 0.092487
2018-10-11 09:15:33,754 INFO inner loop 7: efficient rank x_k: 474.828708, delta_x: 1.106379
2018-10-11 09:18:49,988 INFO norm dual= 0.093901
2018-10-11 09:18:57,870 INFO inner loop 8: efficient rank x_k: 473.011224, delta_x: 1.057067
2018-10-11 09:22:10,671 INFO norm dual= 0.104291
2018-10-11 09:22:17,991 INFO inner loop 9: efficient rank x_k: 470.520919, delta_x: 1.017719
2018-10-11 09:25:20,049 INFO norm dual= 0.102405
2018-10-11 09:25:26,229 INFO inner loop 10: efficient rank x_k: 471.796402, delta_x: 1.002797
2018-10-11 09:28:14,705 INFO norm dual= 0.087056
2018-10-11 09:28:22,228 INFO inner loop 11: efficient rank x_k: 470.433675, delta_x: 0.985142
2018-10-11 09:31:24,420 INFO norm dual= 0.079187
2018-10-11 09:31:32,325 INFO inner loop 12: efficient rank x_k: 469.853708, delta_x: 0.984687
2018-10-11 09:34:52,058 INFO norm dual= 0.079119
2018-10-11 09:35:00,470 INFO inner loop 13: efficient rank x_k: 471.215189, delta_x: 0.979685
2018-10-11 09:38:17,240 INFO norm dual= 0.070483
2018-10-11 09:38:24,705 INFO inner loop 14: efficient rank x_k: 472.099144, delta_x: 0.943696
2018-10-11 09:41:45,102 INFO norm dual= 0.066527
2018-10-11 09:41:52,172 INFO inner loop 15: efficient rank x_k: 471.627733, delta_x: 0.928236
2018-10-11 09:45:10,688 INFO norm dual= 0.063621
2018-10-11 09:45:17,030 INFO inner loop 16: efficient rank x_k: 471.376500, delta_x: 0.915471
2018-10-11 09:48:43,192 INFO norm dual= 0.062799
2018-10-11 09:48:51,071 INFO inner loop 17: efficient rank x_k: 471.702200, delta_x: 0.900265
2018-10-11 09:52:13,356 INFO norm dual= 0.059769
2018-10-11 09:52:21,292 INFO inner loop 18: efficient rank x_k: 472.855744, delta_x: 0.891039
2018-10-11 09:55:49,310 INFO norm dual= 0.064076
2018-10-11 09:55:57,294 INFO inner loop 19: efficient rank x_k: 472.207852, delta_x: 0.886802
2018-10-11 09:59:23,724 INFO norm dual= 0.057839
2018-10-11 09:59:31,540 INFO inner loop 20: efficient rank x_k: 471.307300, delta_x: 0.867498
2018-10-11 10:02:55,323 INFO norm dual= 0.057291
2018-10-11 10:03:03,619 INFO inner loop 21: efficient rank x_k: 470.675389, delta_x: 0.857418
2018-10-11 10:06:09,077 INFO norm dual= 0.068252
2018-10-11 10:06:17,646 INFO inner loop 22: efficient rank x_k: 471.819525, delta_x: 0.855810
2018-10-11 10:09:02,668 INFO --------------------------------------------------------
2018-10-11 10:09:05,726 INFO it:2,  convergence value:0.000000, convergence pi:0.000000, rk: 471.313365)
2018-10-11 10:14:33,200 INFO norm dual= 1.139572
2018-10-11 10:14:41,963 INFO inner loop 1: efficient rank x_k: 437.212415, delta_x: 1.330365
2018-10-11 10:17:33,666 INFO norm dual= 0.315468
2018-10-11 10:17:42,210 INFO inner loop 2: efficient rank x_k: 459.251877, delta_x: 1.531554
2018-10-11 10:21:58,490 INFO norm dual= 0.167736
2018-10-11 10:22:06,473 INFO inner loop 3: efficient rank x_k: 469.952659, delta_x: 1.391712
2018-10-11 10:26:05,265 INFO norm dual= 0.128061
2018-10-11 10:26:14,524 INFO inner loop 4: efficient rank x_k: 477.068868, delta_x: 1.293597
2018-10-11 10:30:29,863 INFO norm dual= 0.108910
2018-10-11 10:30:36,103 INFO inner loop 5: efficient rank x_k: 476.802630, delta_x: 1.228694
2018-10-11 10:34:27,503 INFO norm dual= 0.112291
2018-10-11 10:34:36,820 INFO inner loop 6: efficient rank x_k: 476.456811, delta_x: 1.160300
2018-10-11 10:38:25,004 INFO norm dual= 0.091218
2018-10-11 10:38:30,870 INFO inner loop 7: efficient rank x_k: 475.504824, delta_x: 1.104030
2018-10-11 10:42:17,778 INFO norm dual= 0.088434
2018-10-11 10:42:22,994 INFO inner loop 8: efficient rank x_k: 476.691971, delta_x: 1.053487
2018-10-11 10:46:07,119 INFO norm dual= 0.082371
2018-10-11 10:46:15,158 INFO inner loop 9: efficient rank x_k: 474.512080, delta_x: 0.994654
2018-10-11 10:50:05,582 INFO norm dual= 0.075425
2018-10-11 10:50:14,068 INFO inner loop 10: efficient rank x_k: 474.502498, delta_x: 0.965695
2018-10-11 10:54:09,022 INFO norm dual= 0.068167
2018-10-11 10:54:13,535 INFO inner loop 11: efficient rank x_k: 473.101156, delta_x: 0.933405
2018-10-11 10:57:53,837 INFO norm dual= 0.069087
2018-10-11 10:58:01,684 INFO inner loop 12: efficient rank x_k: 472.064866, delta_x: 0.921797
2018-10-11 11:01:49,752 INFO norm dual= 0.066703
2018-10-11 11:01:57,869 INFO inner loop 13: efficient rank x_k: 472.353392, delta_x: 0.890951
2018-10-11 11:05:54,269 INFO norm dual= 0.064102
2018-10-11 11:06:03,922 INFO inner loop 14: efficient rank x_k: 472.870860, delta_x: 0.885911
2018-10-11 11:10:00,754 INFO norm dual= 0.066780
2018-10-11 11:10:10,015 INFO inner loop 15: efficient rank x_k: 474.424562, delta_x: 0.872038
2018-10-11 11:13:56,871 INFO norm dual= 0.064338
2018-10-11 11:14:05,946 INFO inner loop 16: efficient rank x_k: 474.131633, delta_x: 0.857093
2018-10-11 11:17:47,464 INFO norm dual= 0.056970
2018-10-11 11:17:56,419 INFO inner loop 17: efficient rank x_k: 472.696294, delta_x: 0.855610
2018-10-11 11:21:45,297 INFO norm dual= 0.065665
2018-10-11 11:21:52,626 INFO inner loop 18: efficient rank x_k: 474.241343, delta_x: 0.838498
2018-10-11 11:25:45,682 INFO norm dual= 0.058391
2018-10-11 11:25:54,674 INFO inner loop 19: efficient rank x_k: 474.294456, delta_x: 0.832112
2018-10-11 11:29:37,405 INFO norm dual= 0.060969
2018-10-11 11:29:46,780 INFO inner loop 20: efficient rank x_k: 475.461456, delta_x: 0.829147
2018-10-11 11:33:36,677 INFO norm dual= 0.051636
2018-10-11 11:33:44,919 INFO inner loop 21: efficient rank x_k: 474.323971, delta_x: 0.825421
2018-10-11 11:37:33,206 INFO norm dual= 0.050852
2018-10-11 11:37:43,183 INFO inner loop 22: efficient rank x_k: 473.289060, delta_x: 0.807497
2018-10-11 11:41:02,741 INFO --------------------------------------------------------
2018-10-11 11:41:05,391 INFO it:3,  convergence value:0.000000, convergence pi:0.000000, rk: 471.313365)
2018-10-11 11:46:47,898 INFO norm dual= 1.125920
2018-10-11 11:46:57,609 INFO inner loop 1: efficient rank x_k: 439.328599, delta_x: 1.332982
2018-10-11 11:50:04,126 INFO norm dual= 0.314990
2018-10-11 11:50:11,983 INFO inner loop 2: efficient rank x_k: 458.247417, delta_x: 1.523212
2018-10-11 11:53:52,878 INFO norm dual= 0.163816
2018-10-11 11:53:59,745 INFO inner loop 3: efficient rank x_k: 470.231605, delta_x: 1.398290
2018-10-11 11:57:33,118 INFO norm dual= 0.129760
2018-10-11 11:57:41,893 INFO inner loop 4: efficient rank x_k: 478.139601, delta_x: 1.322232
2018-10-11 12:01:14,985 INFO norm dual= 0.098407
2018-10-11 12:01:24,052 INFO inner loop 5: efficient rank x_k: 479.912009, delta_x: 1.236442
2018-10-11 12:04:38,356 INFO norm dual= 0.090238
2018-10-11 12:04:48,261 INFO inner loop 6: efficient rank x_k: 480.217525, delta_x: 1.175151
2018-10-11 12:07:50,231 INFO norm dual= 0.092019
2018-10-11 12:07:58,365 INFO inner loop 7: efficient rank x_k: 479.359642, delta_x: 1.096541
2018-10-11 12:11:22,487 INFO norm dual= 0.087247
2018-10-11 12:11:30,471 INFO inner loop 8: efficient rank x_k: 477.370261, delta_x: 1.070119
2018-10-11 12:14:41,302 INFO norm dual= 0.084044
2018-10-11 12:14:50,510 INFO inner loop 9: efficient rank x_k: 477.721348, delta_x: 1.027044
2018-10-11 12:17:48,754 INFO norm dual= 0.072909
2018-10-11 12:17:56,679 INFO inner loop 10: efficient rank x_k: 478.165236, delta_x: 0.999903
2018-10-11 12:21:08,152 INFO norm dual= 0.077210
2018-10-11 12:21:16,754 INFO inner loop 11: efficient rank x_k: 476.150514, delta_x: 0.967896
2018-10-11 12:24:14,805 INFO norm dual= 0.076538
2018-10-11 12:24:22,893 INFO inner loop 12: efficient rank x_k: 475.932743, delta_x: 0.960931
2018-10-11 12:27:30,990 INFO norm dual= 0.070565
2018-10-11 12:27:38,981 INFO inner loop 13: efficient rank x_k: 475.895057, delta_x: 0.951023
2018-10-11 12:30:20,631 INFO norm dual= 0.069738
2018-10-11 12:30:27,107 INFO inner loop 14: efficient rank x_k: 474.594081, delta_x: 0.939283
2018-10-11 12:33:30,400 INFO norm dual= 0.074293
2018-10-11 12:33:37,144 INFO inner loop 15: efficient rank x_k: 476.182033, delta_x: 0.926487
2018-10-11 12:36:43,364 INFO norm dual= 0.075053
2018-10-11 12:36:51,481 INFO inner loop 16: efficient rank x_k: 476.404802, delta_x: 0.920652
2018-10-11 12:40:00,498 INFO norm dual= 0.081088
2018-10-11 12:40:09,480 INFO inner loop 17: efficient rank x_k: 476.294515, delta_x: 0.933013
2018-10-11 12:43:11,961 INFO norm dual= 0.070450
2018-10-11 12:43:21,126 INFO inner loop 18: efficient rank x_k: 476.090661, delta_x: 0.922975
2018-10-11 12:46:44,292 INFO norm dual= 0.082372
2018-10-11 12:46:51,227 INFO inner loop 19: efficient rank x_k: 475.090025, delta_x: 0.915467
2018-10-11 12:50:05,366 INFO norm dual= 0.074573
2018-10-11 12:50:14,649 INFO inner loop 20: efficient rank x_k: 474.357756, delta_x: 0.928706
2018-10-11 12:53:30,645 INFO norm dual= 0.066452
2018-10-11 12:53:39,996 INFO inner loop 21: efficient rank x_k: 474.103178, delta_x: 0.919125
2018-10-11 12:56:54,771 INFO norm dual= 0.064360
2018-10-11 12:57:04,276 INFO inner loop 22: efficient rank x_k: 473.300296, delta_x: 0.921251
2018-10-11 12:59:50,144 INFO --------------------------------------------------------
2018-10-11 12:59:52,542 INFO it:4,  convergence value:0.000000, convergence pi:0.000000, rk: 471.313365)
2018-10-11 12:59:52,543 INFO **********************************
2018-10-11 12:59:52,543 INFO **********************************
2018-10-11 12:59:52,543 INFO **********************************
2018-10-11 12:59:54,420 INFO finished lambda = 1.000000
2018-10-11 12:59:54,421 INFO --------------------------------
2018-10-11 13:00:00,268 INFO Starting lambda = 5.000000
2018-10-11 13:00:00,886 INFO Beginning l=5.000000
2018-10-11 13:08:25,365 INFO norm dual= 0.989932
2018-10-11 13:08:34,155 INFO inner loop 1: efficient rank x_k: 479.839395, delta_x: 1.779789
2018-10-11 13:14:36,918 INFO norm dual= 0.401437
2018-10-11 13:14:45,047 INFO inner loop 2: efficient rank x_k: 487.225924, delta_x: 1.447379
2018-10-11 13:21:30,410 INFO norm dual= 0.242087
2018-10-11 13:21:39,113 INFO inner loop 3: efficient rank x_k: 490.268060, delta_x: 1.430560
2018-10-11 13:28:21,207 INFO norm dual= 0.190545
2018-10-11 13:28:27,373 INFO inner loop 4: efficient rank x_k: 489.627741, delta_x: 1.393064
2018-10-11 13:35:10,483 INFO norm dual= 0.139552
2018-10-11 13:35:19,745 INFO inner loop 5: efficient rank x_k: 491.281263, delta_x: 1.364994
2018-10-11 13:42:11,314 INFO norm dual= 0.119863
2018-10-11 13:42:19,834 INFO inner loop 6: efficient rank x_k: 498.549713, delta_x: 1.296476
2018-10-11 13:48:50,785 INFO norm dual= 0.102816
2018-10-11 13:48:59,241 INFO inner loop 7: efficient rank x_k: 494.102236, delta_x: 1.218464
2018-10-11 13:55:21,425 INFO norm dual= 0.091437
2018-10-11 13:55:30,417 INFO inner loop 8: efficient rank x_k: 495.906532, delta_x: 1.149546
2018-10-11 14:01:50,622 INFO norm dual= 0.127202
2018-10-11 14:01:58,803 INFO inner loop 9: efficient rank x_k: 492.020228, delta_x: 1.099184
2018-10-11 14:08:00,968 INFO norm dual= 0.116371
2018-10-11 14:08:10,160 INFO inner loop 10: efficient rank x_k: 493.216137, delta_x: 1.037041
2018-10-11 14:14:01,112 INFO norm dual= 0.119753
2018-10-11 14:14:07,111 INFO inner loop 11: efficient rank x_k: 492.398452, delta_x: 0.978772
2018-10-11 14:19:47,591 INFO norm dual= 0.095736
2018-10-11 14:19:57,419 INFO inner loop 12: efficient rank x_k: 493.442360, delta_x: 0.942587
2018-10-11 14:25:50,429 INFO norm dual= 0.069139
2018-10-11 14:25:59,457 INFO inner loop 13: efficient rank x_k: 492.870072, delta_x: 0.890294
2018-10-11 14:31:33,833 INFO norm dual= 0.074401
2018-10-11 14:31:41,872 INFO inner loop 14: efficient rank x_k: 490.358620, delta_x: 0.828448
2018-10-11 14:37:46,261 INFO norm dual= 0.080061
2018-10-11 14:37:54,224 INFO inner loop 15: efficient rank x_k: 490.246390, delta_x: 0.773226
2018-10-11 14:43:26,665 INFO norm dual= 0.086458
2018-10-11 14:43:36,129 INFO inner loop 16: efficient rank x_k: 487.489689, delta_x: 0.757578
2018-10-11 14:49:20,364 INFO norm dual= 0.065655
2018-10-11 14:49:28,489 INFO inner loop 17: efficient rank x_k: 487.638222, delta_x: 0.711046
2018-10-11 14:55:23,554 INFO norm dual= 0.062659
2018-10-11 14:55:32,689 INFO inner loop 18: efficient rank x_k: 485.311156, delta_x: 0.670961
2018-10-11 15:01:23,502 INFO norm dual= 0.047014
2018-10-11 15:01:32,821 INFO inner loop 19: efficient rank x_k: 487.283618, delta_x: 0.664423
2018-10-11 15:07:11,834 INFO norm dual= 0.040432
2018-10-11 15:07:21,288 INFO inner loop 20: efficient rank x_k: 484.094108, delta_x: 0.641053
2018-10-11 15:13:13,096 INFO norm dual= 0.047926
2018-10-11 15:13:21,327 INFO inner loop 21: efficient rank x_k: 482.209872, delta_x: 0.607527
2018-10-11 15:19:00,581 INFO norm dual= 0.029595
2018-10-11 15:19:09,275 INFO inner loop 22: efficient rank x_k: 485.904051, delta_x: 0.586027
2018-10-11 15:24:11,403 INFO --------------------------------------------------------
2018-10-11 15:24:13,697 INFO it:1,  convergence value:1.000000, convergence pi:1.784638, rk: 483.191784)
2018-10-11 15:33:05,399 INFO norm dual= 0.979862
2018-10-11 15:33:14,014 INFO inner loop 1: efficient rank x_k: 454.459686, delta_x: 1.432358
2018-10-11 15:39:42,270 INFO norm dual= 0.386913
2018-10-11 15:39:50,467 INFO inner loop 2: efficient rank x_k: 484.495210, delta_x: 1.440509
2018-10-11 15:46:19,130 INFO norm dual= 0.253998
2018-10-11 15:46:28,639 INFO inner loop 3: efficient rank x_k: 496.978920, delta_x: 1.419218
2018-10-11 15:52:58,412 INFO norm dual= 0.183934
2018-10-11 15:53:06,831 INFO inner loop 4: efficient rank x_k: 486.822006, delta_x: 1.378523
2018-10-11 15:59:53,434 INFO norm dual= 0.125231
2018-10-11 16:00:03,022 INFO inner loop 5: efficient rank x_k: 485.702763, delta_x: 1.336937
2018-10-11 16:06:40,738 INFO norm dual= 0.114066
2018-10-11 16:06:49,518 INFO inner loop 6: efficient rank x_k: 490.923995, delta_x: 1.265218
2018-10-11 16:13:17,045 INFO norm dual= 0.125368
2018-10-11 16:13:25,640 INFO inner loop 7: efficient rank x_k: 492.722612, delta_x: 1.192337
2018-10-11 16:19:49,428 INFO norm dual= 0.108148
2018-10-11 16:19:57,826 INFO inner loop 8: efficient rank x_k: 495.760602, delta_x: 1.093033
2018-10-11 16:26:15,267 INFO norm dual= 0.112265
2018-10-11 16:26:24,040 INFO inner loop 9: efficient rank x_k: 498.860348, delta_x: 0.986292
2018-10-11 16:32:32,402 INFO norm dual= 0.088265
2018-10-11 16:32:40,554 INFO inner loop 10: efficient rank x_k: 496.729804, delta_x: 0.868440
2018-10-11 16:38:35,324 INFO norm dual= 0.078953
2018-10-11 16:38:44,510 INFO inner loop 11: efficient rank x_k: 495.377425, delta_x: 0.783515
2018-10-11 16:44:33,437 INFO norm dual= 0.075151
2018-10-11 16:44:41,430 INFO inner loop 12: efficient rank x_k: 496.003981, delta_x: 0.711753
2018-10-11 16:50:46,884 INFO norm dual= 0.056680
2018-10-11 16:50:54,993 INFO inner loop 13: efficient rank x_k: 493.078869, delta_x: 0.651020
2018-10-11 16:56:35,618 INFO norm dual= 0.069043
2018-10-11 16:56:42,785 INFO inner loop 14: efficient rank x_k: 488.536612, delta_x: 0.592812
2018-10-11 17:02:29,553 INFO norm dual= 0.049255
2018-10-11 17:02:37,246 INFO inner loop 15: efficient rank x_k: 489.636722, delta_x: 0.564863
2018-10-11 17:08:18,483 INFO norm dual= 0.044999
2018-10-11 17:08:27,270 INFO inner loop 16: efficient rank x_k: 489.256870, delta_x: 0.533123
2018-10-11 17:14:24,654 INFO norm dual= 0.046241
2018-10-11 17:14:33,998 INFO inner loop 17: efficient rank x_k: 485.544282, delta_x: 0.539976
2018-10-11 17:20:05,983 INFO norm dual= 0.065096
2018-10-11 17:20:13,310 INFO inner loop 18: efficient rank x_k: 486.831961, delta_x: 0.514317
2018-10-11 17:25:58,227 INFO norm dual= 0.041501
2018-10-11 17:26:06,378 INFO inner loop 19: efficient rank x_k: 482.857719, delta_x: 0.494420
2018-10-11 17:31:44,583 INFO norm dual= 0.045667
2018-10-11 17:31:52,553 INFO inner loop 20: efficient rank x_k: 485.221647, delta_x: 0.482573
2018-10-11 17:37:39,488 INFO norm dual= 0.041036
2018-10-11 17:37:48,717 INFO inner loop 21: efficient rank x_k: 484.707608, delta_x: 0.486018
2018-10-11 17:43:34,443 INFO norm dual= 0.025775
2018-10-11 17:43:42,960 INFO inner loop 22: efficient rank x_k: 485.995812, delta_x: 0.469943
2018-10-11 17:48:41,239 INFO --------------------------------------------------------
2018-10-11 17:48:43,230 INFO it:2,  convergence value:0.004991, convergence pi:1.415783, rk: 482.943005)
2018-10-11 17:58:32,949 INFO norm dual= 0.917698
2018-10-11 17:58:41,496 INFO inner loop 1: efficient rank x_k: 463.158850, delta_x: 1.450600
2018-10-11 18:05:24,477 INFO norm dual= 0.372908
2018-10-11 18:05:33,502 INFO inner loop 2: efficient rank x_k: 487.269929, delta_x: 1.429658
2018-10-11 18:12:12,618 INFO norm dual= 0.300656
2018-10-11 18:12:21,153 INFO inner loop 3: efficient rank x_k: 493.369407, delta_x: 1.406145
2018-10-11 18:19:32,258 INFO norm dual= 0.194409
2018-10-11 18:19:42,360 INFO inner loop 4: efficient rank x_k: 492.229193, delta_x: 1.372107
2018-10-11 18:26:38,582 INFO norm dual= 0.155565
2018-10-11 18:26:46,550 INFO inner loop 5: efficient rank x_k: 491.831502, delta_x: 1.341923
2018-10-11 18:33:20,882 INFO norm dual= 0.122193
2018-10-11 18:33:28,845 INFO inner loop 6: efficient rank x_k: 495.581998, delta_x: 1.276082
2018-10-11 18:39:56,684 INFO norm dual= 0.116920
2018-10-11 18:40:04,630 INFO inner loop 7: efficient rank x_k: 501.500851, delta_x: 1.209976
2018-10-11 18:46:47,424 INFO norm dual= 0.091763
2018-10-11 18:46:53,374 INFO inner loop 8: efficient rank x_k: 500.175791, delta_x: 1.110923
2018-10-11 18:53:17,630 INFO norm dual= 0.107170
2018-10-11 18:53:24,780 INFO inner loop 9: efficient rank x_k: 496.480570, delta_x: 1.006609
2018-10-11 18:59:21,203 INFO norm dual= 0.096333
2018-10-11 18:59:29,941 INFO inner loop 10: efficient rank x_k: 498.441627, delta_x: 0.949023
2018-10-11 19:05:55,525 INFO norm dual= 0.090013
2018-10-11 19:06:04,186 INFO inner loop 11: efficient rank x_k: 499.508067, delta_x: 0.868947
2018-10-11 19:12:42,326 INFO norm dual= 0.099966
2018-10-11 19:12:52,340 INFO inner loop 12: efficient rank x_k: 497.653735, delta_x: 0.799292
2018-10-11 19:18:53,200 INFO norm dual= 0.070407
2018-10-11 19:19:00,670 INFO inner loop 13: efficient rank x_k: 495.494532, delta_x: 0.756927
2018-10-11 19:24:31,825 INFO norm dual= 0.068651
2018-10-11 19:24:40,818 INFO inner loop 14: efficient rank x_k: 495.681066, delta_x: 0.725377
2018-10-11 19:30:08,521 INFO norm dual= 0.061710
2018-10-11 19:30:17,043 INFO inner loop 15: efficient rank x_k: 496.008458, delta_x: 0.690226
2018-10-11 19:35:49,122 INFO norm dual= 0.057162
2018-10-11 19:35:57,325 INFO inner loop 16: efficient rank x_k: 496.275665, delta_x: 0.679107
2018-10-11 19:41:25,493 INFO norm dual= 0.043560
2018-10-11 19:41:31,550 INFO inner loop 17: efficient rank x_k: 494.162288, delta_x: 0.643816
2018-10-11 19:46:51,103 INFO norm dual= 0.056429
2018-10-11 19:46:59,075 INFO inner loop 18: efficient rank x_k: 493.872142, delta_x: 0.581776
2018-10-11 19:52:36,154 INFO norm dual= 0.057301
2018-10-11 19:52:43,814 INFO inner loop 19: efficient rank x_k: 494.903244, delta_x: 0.559317
2018-10-11 19:58:12,034 INFO norm dual= 0.037292
2018-10-11 19:58:18,010 INFO inner loop 20: efficient rank x_k: 492.415632, delta_x: 0.528872
2018-10-11 20:03:40,565 INFO norm dual= 0.024289
2018-10-11 20:03:48,262 INFO inner loop 21: efficient rank x_k: 490.740151, delta_x: 0.496473
2018-10-11 20:09:21,029 INFO norm dual= 0.015848
2018-10-11 20:09:28,443 INFO inner loop 22: efficient rank x_k: 491.545222, delta_x: 0.467978
2018-10-11 20:14:12,197 INFO --------------------------------------------------------
2018-10-11 20:14:14,750 INFO it:3,  convergence value:0.018227, convergence pi:1.417885, rk: 489.463866)
2018-10-11 20:22:47,248 INFO norm dual= 1.009053
2018-10-11 20:22:53,266 INFO inner loop 1: efficient rank x_k: 452.098227, delta_x: 1.429862
2018-10-11 20:27:02,518 INFO norm dual= 0.365077
2018-10-11 20:27:07,180 INFO inner loop 2: efficient rank x_k: 485.750827, delta_x: 1.449391
2018-10-11 20:31:31,704 INFO norm dual= 0.251083
2018-10-11 20:31:35,302 INFO inner loop 3: efficient rank x_k: 488.263978, delta_x: 1.404307
2018-10-11 20:35:58,344 INFO norm dual= 0.179072
2018-10-11 20:36:02,605 INFO inner loop 4: efficient rank x_k: 492.408849, delta_x: 1.385551
2018-10-11 20:40:30,134 INFO norm dual= 0.153695
2018-10-11 20:40:34,361 INFO inner loop 5: efficient rank x_k: 493.935207, delta_x: 1.370745
2018-10-11 20:44:45,454 INFO norm dual= 0.128520
2018-10-11 20:44:50,040 INFO inner loop 6: efficient rank x_k: 503.723572, delta_x: 1.290725
2018-10-11 20:48:50,176 INFO norm dual= 0.079660
2018-10-11 20:48:53,738 INFO inner loop 7: efficient rank x_k: 503.451590, delta_x: 1.195329
2018-10-11 20:52:51,116 INFO norm dual= 0.095049
2018-10-11 20:52:55,873 INFO inner loop 8: efficient rank x_k: 501.785651, delta_x: 1.118206
2018-10-11 20:56:57,210 INFO norm dual= 0.081403
2018-10-11 20:57:01,705 INFO inner loop 9: efficient rank x_k: 503.047786, delta_x: 1.061495
2018-10-11 21:00:59,628 INFO norm dual= 0.090468
2018-10-11 21:01:04,240 INFO inner loop 10: efficient rank x_k: 499.099029, delta_x: 0.976688
2018-10-11 21:04:46,837 INFO norm dual= 0.076129
2018-10-11 21:04:51,322 INFO inner loop 11: efficient rank x_k: 504.063124, delta_x: 0.892411
2018-10-11 21:08:41,022 INFO norm dual= 0.078319
2018-10-11 21:08:45,646 INFO inner loop 12: efficient rank x_k: 501.902142, delta_x: 0.847554
2018-10-11 21:12:27,932 INFO norm dual= 0.075595
2018-10-11 21:12:32,948 INFO inner loop 13: efficient rank x_k: 498.642988, delta_x: 0.805431
2018-10-11 21:16:15,175 INFO norm dual= 0.064733
2018-10-11 21:16:20,669 INFO inner loop 14: efficient rank x_k: 498.956043, delta_x: 0.765411
2018-10-11 21:20:11,628 INFO norm dual= 0.061195
2018-10-11 21:20:16,272 INFO inner loop 15: efficient rank x_k: 500.905849, delta_x: 0.724029
2018-10-11 21:24:04,264 INFO norm dual= 0.054321
2018-10-11 21:24:09,295 INFO inner loop 16: efficient rank x_k: 499.089331, delta_x: 0.687286
2018-10-11 21:28:03,379 INFO norm dual= 0.059546
2018-10-11 21:28:08,400 INFO inner loop 17: efficient rank x_k: 498.317186, delta_x: 0.696985
2018-10-11 21:31:40,422 INFO norm dual= 0.040497
2018-10-11 21:31:43,864 INFO inner loop 18: efficient rank x_k: 496.081741, delta_x: 0.665981
2018-10-11 21:35:13,716 INFO norm dual= 0.052333
2018-10-11 21:35:17,727 INFO inner loop 19: efficient rank x_k: 499.304334, delta_x: 0.620697
2018-10-11 21:38:47,959 INFO norm dual= 0.029544
2018-10-11 21:38:52,597 INFO inner loop 20: efficient rank x_k: 498.862014, delta_x: 0.537680
2018-10-11 21:42:27,507 INFO norm dual= 0.032310
2018-10-11 21:42:31,163 INFO inner loop 21: efficient rank x_k: 497.841341, delta_x: 0.508158
2018-10-11 21:46:19,316 INFO norm dual= 0.024183
2018-10-11 21:46:24,202 INFO inner loop 22: efficient rank x_k: 496.135377, delta_x: 0.520851
2018-10-11 21:49:39,637 INFO --------------------------------------------------------
2018-10-11 21:49:40,924 INFO it:4,  convergence value:0.000000, convergence pi:0.000000, rk: 489.463866)
2018-10-11 21:55:03,229 INFO norm dual= 1.010779
2018-10-11 21:55:08,122 INFO inner loop 1: efficient rank x_k: 451.850161, delta_x: 1.429395
2018-10-11 21:59:05,303 INFO norm dual= 0.376981
2018-10-11 21:59:09,317 INFO inner loop 2: efficient rank x_k: 483.549829, delta_x: 1.448357
2018-10-11 22:03:07,906 INFO norm dual= 0.238722
2018-10-11 22:03:11,348 INFO inner loop 3: efficient rank x_k: 490.947737, delta_x: 1.404777
2018-10-11 22:07:18,198 INFO norm dual= 0.175761
2018-10-11 22:07:22,867 INFO inner loop 4: efficient rank x_k: 491.766392, delta_x: 1.378333
2018-10-11 22:11:39,234 INFO norm dual= 0.139405
2018-10-11 22:11:43,807 INFO inner loop 5: efficient rank x_k: 489.292358, delta_x: 1.308529
2018-10-11 22:16:07,707 INFO norm dual= 0.127642
2018-10-11 22:16:12,495 INFO inner loop 6: efficient rank x_k: 501.557417, delta_x: 1.260015
2018-10-11 22:20:25,806 INFO norm dual= 0.107989
2018-10-11 22:20:30,415 INFO inner loop 7: efficient rank x_k: 502.830171, delta_x: 1.163675
2018-10-11 22:24:29,196 INFO norm dual= 0.100647
2018-10-11 22:24:33,413 INFO inner loop 8: efficient rank x_k: 497.473390, delta_x: 1.052084
2018-10-11 22:28:19,312 INFO norm dual= 0.082848
2018-10-11 22:28:25,528 INFO inner loop 9: efficient rank x_k: 499.298225, delta_x: 0.984947
2018-10-11 22:32:03,830 INFO norm dual= 0.071839
2018-10-11 22:32:07,874 INFO inner loop 10: efficient rank x_k: 497.677967, delta_x: 0.888335
2018-10-11 22:35:52,768 INFO norm dual= 0.077890
2018-10-11 22:35:57,938 INFO inner loop 11: efficient rank x_k: 496.002579, delta_x: 0.810319
2018-10-11 22:39:37,385 INFO norm dual= 0.076093
2018-10-11 22:39:40,901 INFO inner loop 12: efficient rank x_k: 498.131454, delta_x: 0.758139
2018-10-11 22:43:21,620 INFO norm dual= 0.069789
2018-10-11 22:43:26,026 INFO inner loop 13: efficient rank x_k: 497.005707, delta_x: 0.719959
2018-10-11 22:47:03,775 INFO norm dual= 0.079299
2018-10-11 22:47:08,341 INFO inner loop 14: efficient rank x_k: 498.410549, delta_x: 0.679220
2018-10-11 22:50:49,597 INFO norm dual= 0.057892
2018-10-11 22:50:53,646 INFO inner loop 15: efficient rank x_k: 496.892419, delta_x: 0.650388
2018-10-11 22:54:23,366 INFO norm dual= 0.050064
2018-10-11 22:54:27,577 INFO inner loop 16: efficient rank x_k: 494.336958, delta_x: 0.606872
2018-10-11 22:58:01,771 INFO norm dual= 0.029163
2018-10-11 22:58:05,969 INFO inner loop 17: efficient rank x_k: 494.502490, delta_x: 0.588148
2018-10-11 23:01:37,497 INFO norm dual= 0.027884
2018-10-11 23:01:42,745 INFO inner loop 18: efficient rank x_k: 491.836456, delta_x: 0.533618
2018-10-11 23:05:01,797 INFO norm dual= 0.021466
2018-10-11 23:05:05,143 INFO inner loop 19: efficient rank x_k: 493.979119, delta_x: 0.503503
2018-10-11 23:08:37,220 INFO norm dual= 0.024919
2018-10-11 23:08:41,780 INFO inner loop 20: efficient rank x_k: 493.721143, delta_x: 0.497972
2018-10-11 23:12:14,234 INFO norm dual= 0.019147
2018-10-11 23:12:18,357 INFO inner loop 21: efficient rank x_k: 490.488833, delta_x: 0.453442
2018-10-11 23:15:46,415 INFO norm dual= 0.025717
2018-10-11 23:15:50,692 INFO inner loop 22: efficient rank x_k: 491.402777, delta_x: 0.428890
2018-10-11 23:19:07,112 INFO --------------------------------------------------------
2018-10-11 23:19:08,421 INFO it:5,  convergence value:0.000000, convergence pi:0.000000, rk: 489.463866)
2018-10-11 23:24:19,263 INFO norm dual= 1.005482
2018-10-11 23:24:24,915 INFO inner loop 1: efficient rank x_k: 452.193787, delta_x: 1.428267
2018-10-11 23:28:16,375 INFO norm dual= 0.365674
2018-10-11 23:28:21,614 INFO inner loop 2: efficient rank x_k: 486.905659, delta_x: 1.450919
2018-10-11 23:32:28,772 INFO norm dual= 0.253365
2018-10-11 23:32:32,990 INFO inner loop 3: efficient rank x_k: 493.003998, delta_x: 1.420606
2018-10-11 23:36:39,447 INFO norm dual= 0.188252
2018-10-11 23:36:44,001 INFO inner loop 4: efficient rank x_k: 491.553420, delta_x: 1.367774
2018-10-11 23:40:31,401 INFO norm dual= 0.142114
2018-10-11 23:40:34,949 INFO inner loop 5: efficient rank x_k: 503.203472, delta_x: 1.349786
2018-10-11 23:44:33,850 INFO norm dual= 0.126715
2018-10-11 23:44:37,712 INFO inner loop 6: efficient rank x_k: 504.004192, delta_x: 1.280756
2018-10-11 23:48:31,693 INFO norm dual= 0.118086
2018-10-11 23:48:36,356 INFO inner loop 7: efficient rank x_k: 503.078835, delta_x: 1.193946
2018-10-11 23:52:14,273 INFO norm dual= 0.107182
2018-10-11 23:52:18,599 INFO inner loop 8: efficient rank x_k: 500.465296, delta_x: 1.093756
2018-10-11 23:55:58,678 INFO norm dual= 0.093135
2018-10-11 23:56:03,255 INFO inner loop 9: efficient rank x_k: 497.631399, delta_x: 1.021382
2018-10-11 23:59:39,418 INFO norm dual= 0.085280
2018-10-11 23:59:43,625 INFO inner loop 10: efficient rank x_k: 495.310644, delta_x: 0.930606
2018-10-12 00:03:25,677 INFO norm dual= 0.059896
2018-10-12 00:03:30,378 INFO inner loop 11: efficient rank x_k: 500.500744, delta_x: 0.860324
2018-10-12 00:07:00,484 INFO norm dual= 0.067257
2018-10-12 00:07:04,835 INFO inner loop 12: efficient rank x_k: 499.224133, delta_x: 0.786344
2018-10-12 00:10:33,898 INFO norm dual= 0.072792
2018-10-12 00:10:37,682 INFO inner loop 13: efficient rank x_k: 499.409929, delta_x: 0.762223
2018-10-12 00:14:04,142 INFO norm dual= 0.054960
2018-10-12 00:14:08,417 INFO inner loop 14: efficient rank x_k: 500.579948, delta_x: 0.694302
2018-10-12 00:17:37,021 INFO norm dual= 0.052263
2018-10-12 00:17:41,198 INFO inner loop 15: efficient rank x_k: 497.595795, delta_x: 0.652363
2018-10-12 00:21:11,605 INFO norm dual= 0.052070
2018-10-12 00:21:16,014 INFO inner loop 16: efficient rank x_k: 497.961133, delta_x: 0.632473
2018-10-12 00:24:44,547 INFO norm dual= 0.033821
2018-10-12 00:24:49,307 INFO inner loop 17: efficient rank x_k: 495.060383, delta_x: 0.588321
2018-10-12 00:28:02,807 INFO norm dual= 0.034114
2018-10-12 00:28:07,408 INFO inner loop 18: efficient rank x_k: 497.552978, delta_x: 0.543802
2018-10-12 00:31:32,321 INFO norm dual= 0.038084
2018-10-12 00:31:36,484 INFO inner loop 19: efficient rank x_k: 497.433734, delta_x: 0.516670
2018-10-12 00:34:50,860 INFO norm dual= 0.045888
2018-10-12 00:34:55,076 INFO inner loop 20: efficient rank x_k: 495.434980, delta_x: 0.495628
2018-10-12 00:38:03,809 INFO norm dual= 0.060469
2018-10-12 00:38:07,700 INFO inner loop 21: efficient rank x_k: 494.493181, delta_x: 0.460275
2018-10-12 00:41:28,322 INFO norm dual= 0.034055
2018-10-12 00:41:32,548 INFO inner loop 22: efficient rank x_k: 494.118006, delta_x: 0.455890
2018-10-12 00:44:36,796 INFO --------------------------------------------------------
2018-10-12 00:44:37,881 INFO it:6,  convergence value:0.000000, convergence pi:0.000000, rk: 489.463866)
2018-10-12 00:44:37,882 INFO **********************************
2018-10-12 00:44:37,883 INFO **********************************
2018-10-12 00:44:37,883 INFO **********************************
2018-10-12 00:44:38,583 INFO finished lambda = 5.000000
2018-10-12 00:44:38,583 INFO --------------------------------
2018-10-12 00:44:42,223 INFO *********************************************************************
2018-10-12 00:44:42,223 INFO *********************************************************************
2018-10-12 00:44:42,223 INFO *********************************************************************
2018-10-12 00:44:42,223 INFO DONE
